{"/home/Gab/Documentos/GitHub/caixa-app/config.ts": {"path":"/home/Gab/Documentos/GitHub/caixa-app/config.ts","statementMap":{"0":{"start":{"line":2,"column":23},"end":{"line":2,"column":49}}},"fnMap":{},"branchMap":{},"s":{"0":6},"f":{},"b":{},"_coverageSchema":"1a1c01bbd47fc00a2c39e90264f33305004495a9","hash":"ca15e738beff8057bb72a7c5526793252cbe3ab5"}
,"/home/Gab/Documentos/GitHub/caixa-app/assets/fonts/CAIXAStd-Bold.ttf": {"path":"/home/Gab/Documentos/GitHub/caixa-app/assets/fonts/CAIXAStd-Bold.ttf","statementMap":{"0":{"start":{"line":1,"column":0},"end":{"line":1,"column":19}}},"fnMap":{},"branchMap":{},"s":{"0":1},"f":{},"b":{},"_coverageSchema":"1a1c01bbd47fc00a2c39e90264f33305004495a9","hash":"4aab6b997455b0ab4ba9c37167ab0452753ca326"}
,"/home/Gab/Documentos/GitHub/caixa-app/assets/fonts/CAIXAStd-ExtraBold.ttf": {"path":"/home/Gab/Documentos/GitHub/caixa-app/assets/fonts/CAIXAStd-ExtraBold.ttf","statementMap":{"0":{"start":{"line":1,"column":0},"end":{"line":1,"column":19}}},"fnMap":{},"branchMap":{},"s":{"0":1},"f":{},"b":{},"_coverageSchema":"1a1c01bbd47fc00a2c39e90264f33305004495a9","hash":"e94d287a22dd7918bb7955df7b5a2956710ee4bf"}
,"/home/Gab/Documentos/GitHub/caixa-app/assets/fonts/CAIXAStd-Light.ttf": {"path":"/home/Gab/Documentos/GitHub/caixa-app/assets/fonts/CAIXAStd-Light.ttf","statementMap":{"0":{"start":{"line":1,"column":0},"end":{"line":1,"column":19}}},"fnMap":{},"branchMap":{},"s":{"0":1},"f":{},"b":{},"_coverageSchema":"1a1c01bbd47fc00a2c39e90264f33305004495a9","hash":"be9b90e94770a10d3500ff2e2e81240ad75bbaec"}
,"/home/Gab/Documentos/GitHub/caixa-app/assets/fonts/CAIXAStd-Regular.ttf": {"path":"/home/Gab/Documentos/GitHub/caixa-app/assets/fonts/CAIXAStd-Regular.ttf","statementMap":{"0":{"start":{"line":1,"column":0},"end":{"line":1,"column":19}}},"fnMap":{},"branchMap":{},"s":{"0":1},"f":{},"b":{},"_coverageSchema":"1a1c01bbd47fc00a2c39e90264f33305004495a9","hash":"c496b63549503c87315280e30c7168cfd4f0bb28"}
,"/home/Gab/Documentos/GitHub/caixa-app/assets/fonts/CAIXAStd-SemiBold.ttf": {"path":"/home/Gab/Documentos/GitHub/caixa-app/assets/fonts/CAIXAStd-SemiBold.ttf","statementMap":{"0":{"start":{"line":1,"column":0},"end":{"line":1,"column":19}}},"fnMap":{},"branchMap":{},"s":{"0":1},"f":{},"b":{},"_coverageSchema":"1a1c01bbd47fc00a2c39e90264f33305004495a9","hash":"3a7e64c4684d789e1fb39817bdbc3938c7ceffb0"}
,"/home/Gab/Documentos/GitHub/caixa-app/components/ChartLegend.tsx": {"path":"/home/Gab/Documentos/GitHub/caixa-app/components/ChartLegend.tsx","statementMap":{"0":{"start":{"line":10,"column":55},"end":{"line":38,"column":1}},"1":{"start":{"line":11,"column":23},"end":{"line":15,"column":3}},"2":{"start":{"line":17,"column":2},"end":{"line":37,"column":4}},"3":{"start":{"line":22,"column":10},"end":{"line":33,"column":17}}},"fnMap":{"0":{"name":"(anonymous_0)","decl":{"start":{"line":10,"column":55},"end":{"line":10,"column":56}},"loc":{"start":{"line":10,"column":77},"end":{"line":38,"column":1}},"line":10},"1":{"name":"(anonymous_1)","decl":{"start":{"line":21,"column":26},"end":{"line":21,"column":27}},"loc":{"start":{"line":22,"column":10},"end":{"line":33,"column":17}},"line":22}},"branchMap":{},"s":{"0":1,"1":3,"2":3,"3":9},"f":{"0":3,"1":9},"b":{},"_coverageSchema":"1a1c01bbd47fc00a2c39e90264f33305004495a9","hash":"45b18ae83b35f38e6d9cc17d6c20db03479141a3"}
,"/home/Gab/Documentos/GitHub/caixa-app/components/ContractsList.tsx": {"path":"/home/Gab/Documentos/GitHub/caixa-app/components/ContractsList.tsx","statementMap":{"0":{"start":{"line":11,"column":59},"end":{"line":63,"column":1}},"1":{"start":{"line":12,"column":2},"end":{"line":62,"column":4}},"2":{"start":{"line":17,"column":33},"end":{"line":17,"column":83}},"3":{"start":{"line":17,"column":54},"end":{"line":17,"column":82}},"4":{"start":{"line":18,"column":30},"end":{"line":18,"column":88}},"5":{"start":{"line":18,"column":59},"end":{"line":18,"column":80}},"6":{"start":{"line":19,"column":35},"end":{"line":21,"column":13}},"7":{"start":{"line":23,"column":8},"end":{"line":59,"column":10}}},"fnMap":{"0":{"name":"(anonymous_0)","decl":{"start":{"line":11,"column":59},"end":{"line":11,"column":60}},"loc":{"start":{"line":11,"column":88},"end":{"line":63,"column":1}},"line":11},"1":{"name":"(anonymous_1)","decl":{"start":{"line":16,"column":21},"end":{"line":16,"column":22}},"loc":{"start":{"line":16,"column":35},"end":{"line":60,"column":7}},"line":16},"2":{"name":"(anonymous_2)","decl":{"start":{"line":17,"column":49},"end":{"line":17,"column":50}},"loc":{"start":{"line":17,"column":54},"end":{"line":17,"column":82}},"line":17},"3":{"name":"(anonymous_3)","decl":{"start":{"line":18,"column":54},"end":{"line":18,"column":55}},"loc":{"start":{"line":18,"column":59},"end":{"line":18,"column":80}},"line":18}},"branchMap":{"0":{"loc":{"start":{"line":19,"column":35},"end":{"line":21,"column":13}},"type":"cond-expr","locations":[{"start":{"line":20,"column":12},"end":{"line":20,"column":59}},{"start":{"line":21,"column":12},"end":{"line":21,"column":13}}],"line":19},"1":{"loc":{"start":{"line":28,"column":19},"end":{"line":28,"column":71}},"type":"binary-expr","locations":[{"start":{"line":28,"column":19},"end":{"line":28,"column":45}},{"start":{"line":28,"column":49},"end":{"line":28,"column":71}}],"line":28},"2":{"loc":{"start":{"line":34,"column":28},"end":{"line":34,"column":66}},"type":"binary-expr","locations":[{"start":{"line":34,"column":28},"end":{"line":34,"column":55}},{"start":{"line":34,"column":59},"end":{"line":34,"column":66}}],"line":34},"3":{"loc":{"start":{"line":42,"column":35},"end":{"line":42,"column":86}},"type":"binary-expr","locations":[{"start":{"line":42,"column":35},"end":{"line":42,"column":59}},{"start":{"line":42,"column":63},"end":{"line":42,"column":86}}],"line":42}},"s":{"0":1,"1":2,"2":2,"3":4,"4":2,"5":4,"6":2,"7":2},"f":{"0":2,"1":2,"2":4,"3":4},"b":{"0":[2,0],"1":[2,0],"2":[2,0],"3":[2,0]},"_coverageSchema":"1a1c01bbd47fc00a2c39e90264f33305004495a9","hash":"0ffc31763928f659c3831b82de854a1b6328ced2"}
,"/home/Gab/Documentos/GitHub/caixa-app/components/ErrorScreen.tsx": {"path":"/home/Gab/Documentos/GitHub/caixa-app/components/ErrorScreen.tsx","statementMap":{"0":{"start":{"line":8,"column":55},"end":{"line":12,"column":1}},"1":{"start":{"line":9,"column":2},"end":{"line":11,"column":9}}},"fnMap":{"0":{"name":"(anonymous_0)","decl":{"start":{"line":8,"column":55},"end":{"line":8,"column":56}},"loc":{"start":{"line":9,"column":2},"end":{"line":11,"column":9}},"line":9}},"branchMap":{},"s":{"0":1,"1":2},"f":{"0":2},"b":{},"_coverageSchema":"1a1c01bbd47fc00a2c39e90264f33305004495a9","hash":"0b396682cb72b7952ad5801747f4d5900ada3bf0"}
,"/home/Gab/Documentos/GitHub/caixa-app/components/FinancialSummaryCard.tsx": {"path":"/home/Gab/Documentos/GitHub/caixa-app/components/FinancialSummaryCard.tsx","statementMap":{"0":{"start":{"line":22,"column":73},"end":{"line":83,"column":1}},"1":{"start":{"line":23,"column":23},"end":{"line":45,"column":3}},"2":{"start":{"line":47,"column":22},"end":{"line":53,"column":3}},"3":{"start":{"line":51,"column":28},"end":{"line":51,"column":55}},"4":{"start":{"line":52,"column":33},"end":{"line":52,"column":60}},"5":{"start":{"line":55,"column":2},"end":{"line":82,"column":4}}},"fnMap":{"0":{"name":"(anonymous_0)","decl":{"start":{"line":22,"column":73},"end":{"line":22,"column":74}},"loc":{"start":{"line":22,"column":95},"end":{"line":83,"column":1}},"line":22},"1":{"name":"(anonymous_1)","decl":{"start":{"line":51,"column":11},"end":{"line":51,"column":12}},"loc":{"start":{"line":51,"column":28},"end":{"line":51,"column":55}},"line":51},"2":{"name":"(anonymous_2)","decl":{"start":{"line":52,"column":16},"end":{"line":52,"column":17}},"loc":{"start":{"line":52,"column":33},"end":{"line":52,"column":60}},"line":52}},"branchMap":{"0":{"loc":{"start":{"line":51,"column":12},"end":{"line":51,"column":23}},"type":"default-arg","locations":[{"start":{"line":51,"column":22},"end":{"line":51,"column":23}}],"line":51},"1":{"loc":{"start":{"line":52,"column":17},"end":{"line":52,"column":28}},"type":"default-arg","locations":[{"start":{"line":52,"column":27},"end":{"line":52,"column":28}}],"line":52},"2":{"loc":{"start":{"line":67,"column":9},"end":{"line":79,"column":9}},"type":"binary-expr","locations":[{"start":{"line":67,"column":9},"end":{"line":67,"column":32}},{"start":{"line":68,"column":10},"end":{"line":78,"column":12}}],"line":67}},"s":{"0":1,"1":2,"2":2,"3":4,"4":0,"5":2},"f":{"0":2,"1":4,"2":0},"b":{"0":[0],"1":[0],"2":[2,2]},"_coverageSchema":"1a1c01bbd47fc00a2c39e90264f33305004495a9","hash":"a570ee5376480d3f067ffaa9c3685d751c671546"}
,"/home/Gab/Documentos/GitHub/caixa-app/components/Header.tsx": {"path":"/home/Gab/Documentos/GitHub/caixa-app/components/Header.tsx","statementMap":{"0":{"start":{"line":26,"column":22},"end":{"line":26,"column":79}},"1":{"start":{"line":27,"column":28},"end":{"line":27,"column":71}},"2":{"start":{"line":28,"column":16},"end":{"line":28,"column":43}},"3":{"start":{"line":30,"column":26},"end":{"line":34,"column":3}},"4":{"start":{"line":31,"column":4},"end":{"line":33,"column":5}},"5":{"start":{"line":32,"column":6},"end":{"line":32,"column":26}},"6":{"start":{"line":36,"column":26},"end":{"line":44,"column":3}},"7":{"start":{"line":37,"column":24},"end":{"line":37,"column":52}},"8":{"start":{"line":38,"column":4},"end":{"line":43,"column":5}},"9":{"start":{"line":39,"column":6},"end":{"line":39,"column":20}},"10":{"start":{"line":42,"column":6},"end":{"line":42,"column":34}},"11":{"start":{"line":46,"column":34},"end":{"line":54,"column":3}},"12":{"start":{"line":47,"column":32},"end":{"line":47,"column":68}},"13":{"start":{"line":48,"column":4},"end":{"line":53,"column":5}},"14":{"start":{"line":49,"column":6},"end":{"line":49,"column":28}},"15":{"start":{"line":52,"column":6},"end":{"line":52,"column":42}},"16":{"start":{"line":56,"column":2},"end":{"line":93,"column":4}}},"fnMap":{"0":{"name":"Header","decl":{"start":{"line":19,"column":16},"end":{"line":19,"column":22}},"loc":{"start":{"line":24,"column":22},"end":{"line":94,"column":1}},"line":24},"1":{"name":"(anonymous_1)","decl":{"start":{"line":30,"column":26},"end":{"line":30,"column":27}},"loc":{"start":{"line":30,"column":32},"end":{"line":34,"column":3}},"line":30},"2":{"name":"(anonymous_2)","decl":{"start":{"line":36,"column":26},"end":{"line":36,"column":27}},"loc":{"start":{"line":36,"column":32},"end":{"line":44,"column":3}},"line":36},"3":{"name":"(anonymous_3)","decl":{"start":{"line":46,"column":34},"end":{"line":46,"column":35}},"loc":{"start":{"line":46,"column":40},"end":{"line":54,"column":3}},"line":46}},"branchMap":{"0":{"loc":{"start":{"line":26,"column":22},"end":{"line":26,"column":79}},"type":"binary-expr","locations":[{"start":{"line":26,"column":22},"end":{"line":26,"column":50}},{"start":{"line":26,"column":54},"end":{"line":26,"column":79}}],"line":26},"1":{"loc":{"start":{"line":27,"column":28},"end":{"line":27,"column":71}},"type":"binary-expr","locations":[{"start":{"line":27,"column":28},"end":{"line":27,"column":62}},{"start":{"line":27,"column":66},"end":{"line":27,"column":71}}],"line":27},"2":{"loc":{"start":{"line":28,"column":16},"end":{"line":28,"column":43}},"type":"binary-expr","locations":[{"start":{"line":28,"column":16},"end":{"line":28,"column":29}},{"start":{"line":28,"column":33},"end":{"line":28,"column":43}}],"line":28},"3":{"loc":{"start":{"line":31,"column":4},"end":{"line":33,"column":5}},"type":"if","locations":[{"start":{"line":31,"column":4},"end":{"line":33,"column":5}},{"start":{},"end":{}}],"line":31},"4":{"loc":{"start":{"line":38,"column":4},"end":{"line":43,"column":5}},"type":"if","locations":[{"start":{"line":38,"column":4},"end":{"line":43,"column":5}},{"start":{"line":40,"column":11},"end":{"line":43,"column":5}}],"line":38},"5":{"loc":{"start":{"line":48,"column":4},"end":{"line":53,"column":5}},"type":"if","locations":[{"start":{"line":48,"column":4},"end":{"line":53,"column":5}},{"start":{"line":50,"column":11},"end":{"line":53,"column":5}}],"line":48},"6":{"loc":{"start":{"line":61,"column":19},"end":{"line":61,"column":59}},"type":"cond-expr","locations":[{"start":{"line":61,"column":26},"end":{"line":61,"column":41}},{"start":{"line":61,"column":44},"end":{"line":61,"column":59}}],"line":61},"7":{"loc":{"start":{"line":63,"column":18},"end":{"line":63,"column":54}},"type":"cond-expr","locations":[{"start":{"line":63,"column":25},"end":{"line":63,"column":38}},{"start":{"line":63,"column":41},"end":{"line":63,"column":54}}],"line":63},"8":{"loc":{"start":{"line":66,"column":18},"end":{"line":66,"column":46}},"type":"cond-expr","locations":[{"start":{"line":66,"column":25},"end":{"line":66,"column":37}},{"start":{"line":66,"column":40},"end":{"line":66,"column":46}}],"line":66},"9":{"loc":{"start":{"line":75,"column":13},"end":{"line":75,"column":52}},"type":"cond-expr","locations":[{"start":{"line":75,"column":33},"end":{"line":75,"column":44}},{"start":{"line":75,"column":47},"end":{"line":75,"column":52}}],"line":75}},"s":{"0":14,"1":14,"2":14,"3":14,"4":2,"5":1,"6":14,"7":2,"8":2,"9":1,"10":1,"11":14,"12":2,"13":2,"14":1,"15":1,"16":14},"f":{"0":14,"1":2,"2":2,"3":2},"b":{"0":[14,1],"1":[14,0],"2":[14,1],"3":[1,1],"4":[1,1],"5":[1,1],"6":[10,4],"7":[10,4],"8":[10,4],"9":[11,3]},"_coverageSchema":"1a1c01bbd47fc00a2c39e90264f33305004495a9","hash":"88382e94f3f0168e3b56c21100160c7f2b5ad864"}
,"/home/Gab/Documentos/GitHub/caixa-app/components/LoadingScreen.tsx": {"path":"/home/Gab/Documentos/GitHub/caixa-app/components/LoadingScreen.tsx","statementMap":{"0":{"start":{"line":4,"column":39},"end":{"line":9,"column":1}},"1":{"start":{"line":5,"column":2},"end":{"line":8,"column":9}}},"fnMap":{"0":{"name":"(anonymous_0)","decl":{"start":{"line":4,"column":39},"end":{"line":4,"column":40}},"loc":{"start":{"line":5,"column":2},"end":{"line":8,"column":9}},"line":5}},"branchMap":{},"s":{"0":1,"1":2},"f":{"0":2},"b":{},"_coverageSchema":"1a1c01bbd47fc00a2c39e90264f33305004495a9","hash":"8809fcca749e20e2f937106d7fd74072855c6263"}
,"/home/Gab/Documentos/GitHub/caixa-app/components/MultiStepForm.tsx": {"path":"/home/Gab/Documentos/GitHub/caixa-app/components/MultiStepForm.tsx","statementMap":{"0":{"start":{"line":17,"column":26},"end":{"line":49,"column":1}},"1":{"start":{"line":51,"column":52},"end":{"line":133,"column":1}},"2":{"start":{"line":52,"column":26},"end":{"line":52,"column":37}},"3":{"start":{"line":53,"column":34},"end":{"line":53,"column":56}},"4":{"start":{"line":56,"column":22},"end":{"line":58,"column":4}},"5":{"start":{"line":60,"column":22},"end":{"line":62,"column":4}},"6":{"start":{"line":64,"column":24},"end":{"line":66,"column":4}},"7":{"start":{"line":68,"column":21},"end":{"line":75,"column":3}},"8":{"start":{"line":69,"column":4},"end":{"line":69,"column":42}},"9":{"start":{"line":70,"column":4},"end":{"line":74,"column":5}},"10":{"start":{"line":71,"column":6},"end":{"line":71,"column":24}},"11":{"start":{"line":73,"column":6},"end":{"line":73,"column":53}},"12":{"start":{"line":77,"column":21},"end":{"line":81,"column":3}},"13":{"start":{"line":78,"column":4},"end":{"line":80,"column":5}},"14":{"start":{"line":79,"column":6},"end":{"line":79,"column":24}},"15":{"start":{"line":83,"column":2},"end":{"line":132,"column":4}},"16":{"start":{"line":88,"column":10},"end":{"line":95,"column":17}}},"fnMap":{"0":{"name":"(anonymous_0)","decl":{"start":{"line":51,"column":52},"end":{"line":51,"column":53}},"loc":{"start":{"line":51,"column":80},"end":{"line":133,"column":1}},"line":51},"1":{"name":"(anonymous_1)","decl":{"start":{"line":68,"column":21},"end":{"line":68,"column":22}},"loc":{"start":{"line":68,"column":50},"end":{"line":75,"column":3}},"line":68},"2":{"name":"(anonymous_2)","decl":{"start":{"line":77,"column":21},"end":{"line":77,"column":22}},"loc":{"start":{"line":77,"column":27},"end":{"line":81,"column":3}},"line":77},"3":{"name":"(anonymous_3)","decl":{"start":{"line":87,"column":23},"end":{"line":87,"column":24}},"loc":{"start":{"line":88,"column":10},"end":{"line":95,"column":17}},"line":88}},"branchMap":{"0":{"loc":{"start":{"line":70,"column":4},"end":{"line":74,"column":5}},"type":"if","locations":[{"start":{"line":70,"column":4},"end":{"line":74,"column":5}},{"start":{"line":72,"column":11},"end":{"line":74,"column":5}}],"line":70},"1":{"loc":{"start":{"line":78,"column":4},"end":{"line":80,"column":5}},"type":"if","locations":[{"start":{"line":78,"column":4},"end":{"line":80,"column":5}},{"start":{},"end":{}}],"line":78},"2":{"loc":{"start":{"line":91,"column":14},"end":{"line":91,"column":64}},"type":"cond-expr","locations":[{"start":{"line":91,"column":35},"end":{"line":91,"column":48}},{"start":{"line":91,"column":51},"end":{"line":91,"column":64}}],"line":91},"3":{"loc":{"start":{"line":100,"column":7},"end":{"line":108,"column":7}},"type":"binary-expr","locations":[{"start":{"line":100,"column":7},"end":{"line":100,"column":17}},{"start":{"line":101,"column":8},"end":{"line":107,"column":10}}],"line":100},"4":{"loc":{"start":{"line":109,"column":7},"end":{"line":119,"column":7}},"type":"binary-expr","locations":[{"start":{"line":109,"column":7},"end":{"line":109,"column":17}},{"start":{"line":110,"column":8},"end":{"line":118,"column":10}}],"line":109},"5":{"loc":{"start":{"line":120,"column":7},"end":{"line":130,"column":7}},"type":"binary-expr","locations":[{"start":{"line":120,"column":7},"end":{"line":120,"column":17}},{"start":{"line":121,"column":8},"end":{"line":129,"column":10}}],"line":120}},"s":{"0":1,"1":1,"2":4,"3":4,"4":4,"5":4,"6":4,"7":4,"8":0,"9":0,"10":0,"11":0,"12":4,"13":0,"14":0,"15":4,"16":12},"f":{"0":4,"1":0,"2":0,"3":12},"b":{"0":[0,0],"1":[0,0],"2":[4,8],"3":[4,4],"4":[4,0],"5":[4,0]},"_coverageSchema":"1a1c01bbd47fc00a2c39e90264f33305004495a9","hash":"4316422c6f7646688efd47730da3e2ca653d843e"}
,"/home/Gab/Documentos/GitHub/caixa-app/components/ParcelasVencendoEsteMes.tsx": {"path":"/home/Gab/Documentos/GitHub/caixa-app/components/ParcelasVencendoEsteMes.tsx","statementMap":{"0":{"start":{"line":10,"column":72},"end":{"line":88,"column":1}},"1":{"start":{"line":11,"column":25},"end":{"line":22,"column":3}},"2":{"start":{"line":12,"column":17},"end":{"line":12,"column":27}},"3":{"start":{"line":13,"column":27},"end":{"line":13,"column":59}},"4":{"start":{"line":15,"column":4},"end":{"line":21,"column":5}},"5":{"start":{"line":16,"column":6},"end":{"line":16,"column":28}},"6":{"start":{"line":17,"column":11},"end":{"line":21,"column":5}},"7":{"start":{"line":18,"column":6},"end":{"line":18,"column":31}},"8":{"start":{"line":20,"column":6},"end":{"line":20,"column":30}},"9":{"start":{"line":24,"column":24},"end":{"line":38,"column":3}},"10":{"start":{"line":25,"column":17},"end":{"line":25,"column":27}},"11":{"start":{"line":26,"column":27},"end":{"line":26,"column":59}},"12":{"start":{"line":27,"column":26},"end":{"line":27,"column":104}},"13":{"start":{"line":29,"column":4},"end":{"line":37,"column":5}},"14":{"start":{"line":30,"column":6},"end":{"line":30,"column":58}},"15":{"start":{"line":31,"column":11},"end":{"line":37,"column":5}},"16":{"start":{"line":32,"column":6},"end":{"line":32,"column":26}},"17":{"start":{"line":33,"column":11},"end":{"line":37,"column":5}},"18":{"start":{"line":34,"column":6},"end":{"line":34,"column":28}},"19":{"start":{"line":36,"column":6},"end":{"line":36,"column":46}},"20":{"start":{"line":40,"column":2},"end":{"line":51,"column":3}},"21":{"start":{"line":41,"column":4},"end":{"line":50,"column":6}},"22":{"start":{"line":53,"column":2},"end":{"line":87,"column":4}},"23":{"start":{"line":61,"column":8},"end":{"line":84,"column":15}}},"fnMap":{"0":{"name":"(anonymous_0)","decl":{"start":{"line":10,"column":72},"end":{"line":10,"column":73}},"loc":{"start":{"line":10,"column":90},"end":{"line":88,"column":1}},"line":10},"1":{"name":"(anonymous_1)","decl":{"start":{"line":11,"column":25},"end":{"line":11,"column":26}},"loc":{"start":{"line":11,"column":58},"end":{"line":22,"column":3}},"line":11},"2":{"name":"(anonymous_2)","decl":{"start":{"line":24,"column":24},"end":{"line":24,"column":25}},"loc":{"start":{"line":24,"column":57},"end":{"line":38,"column":3}},"line":24},"3":{"name":"(anonymous_3)","decl":{"start":{"line":60,"column":20},"end":{"line":60,"column":21}},"loc":{"start":{"line":61,"column":8},"end":{"line":84,"column":15}},"line":61}},"branchMap":{"0":{"loc":{"start":{"line":15,"column":4},"end":{"line":21,"column":5}},"type":"if","locations":[{"start":{"line":15,"column":4},"end":{"line":21,"column":5}},{"start":{"line":17,"column":11},"end":{"line":21,"column":5}}],"line":15},"1":{"loc":{"start":{"line":17,"column":11},"end":{"line":21,"column":5}},"type":"if","locations":[{"start":{"line":17,"column":11},"end":{"line":21,"column":5}},{"start":{"line":19,"column":11},"end":{"line":21,"column":5}}],"line":17},"2":{"loc":{"start":{"line":29,"column":4},"end":{"line":37,"column":5}},"type":"if","locations":[{"start":{"line":29,"column":4},"end":{"line":37,"column":5}},{"start":{"line":31,"column":11},"end":{"line":37,"column":5}}],"line":29},"3":{"loc":{"start":{"line":31,"column":11},"end":{"line":37,"column":5}},"type":"if","locations":[{"start":{"line":31,"column":11},"end":{"line":37,"column":5}},{"start":{"line":33,"column":11},"end":{"line":37,"column":5}}],"line":31},"4":{"loc":{"start":{"line":33,"column":11},"end":{"line":37,"column":5}},"type":"if","locations":[{"start":{"line":33,"column":11},"end":{"line":37,"column":5}},{"start":{"line":35,"column":11},"end":{"line":37,"column":5}}],"line":33},"5":{"loc":{"start":{"line":40,"column":2},"end":{"line":51,"column":3}},"type":"if","locations":[{"start":{"line":40,"column":2},"end":{"line":51,"column":3}},{"start":{},"end":{}}],"line":40},"6":{"loc":{"start":{"line":57,"column":34},"end":{"line":57,"column":66}},"type":"cond-expr","locations":[{"start":{"line":57,"column":58},"end":{"line":57,"column":61}},{"start":{"line":57,"column":64},"end":{"line":57,"column":66}}],"line":57},"7":{"loc":{"start":{"line":57,"column":79},"end":{"line":57,"column":111}},"type":"cond-expr","locations":[{"start":{"line":57,"column":103},"end":{"line":57,"column":106}},{"start":{"line":57,"column":109},"end":{"line":57,"column":111}}],"line":57},"8":{"loc":{"start":{"line":65,"column":17},"end":{"line":65,"column":67}},"type":"binary-expr","locations":[{"start":{"line":65,"column":17},"end":{"line":65,"column":34}},{"start":{"line":65,"column":38},"end":{"line":65,"column":67}}],"line":65}},"s":{"0":1,"1":3,"2":4,"3":4,"4":4,"5":4,"6":0,"7":0,"8":0,"9":3,"10":2,"11":2,"12":2,"13":2,"14":2,"15":0,"16":0,"17":0,"18":0,"19":0,"20":3,"21":1,"22":2,"23":2},"f":{"0":3,"1":4,"2":2,"3":2},"b":{"0":[4,0],"1":[0,0],"2":[2,0],"3":[0,0],"4":[0,0],"5":[1,2],"6":[0,2],"7":[0,2],"8":[2,0]},"_coverageSchema":"1a1c01bbd47fc00a2c39e90264f33305004495a9","hash":"f542d7d422d65770d2fb852bee01b1f15cada628"}
,"/home/Gab/Documentos/GitHub/caixa-app/components/StatsCards.tsx": {"path":"/home/Gab/Documentos/GitHub/caixa-app/components/StatsCards.tsx","statementMap":{"0":{"start":{"line":11,"column":53},"end":{"line":35,"column":1}},"1":{"start":{"line":12,"column":2},"end":{"line":34,"column":4}}},"fnMap":{"0":{"name":"(anonymous_0)","decl":{"start":{"line":11,"column":53},"end":{"line":11,"column":54}},"loc":{"start":{"line":11,"column":99},"end":{"line":35,"column":1}},"line":11}},"branchMap":{},"s":{"0":1,"1":2},"f":{"0":2},"b":{},"_coverageSchema":"1a1c01bbd47fc00a2c39e90264f33305004495a9","hash":"25a4a70f3202ea68f536c9e62b97941584810586"}
,"/home/Gab/Documentos/GitHub/caixa-app/components/StepOne.tsx": {"path":"/home/Gab/Documentos/GitHub/caixa-app/components/StepOne.tsx","statementMap":{"0":{"start":{"line":15,"column":40},"end":{"line":107,"column":1}},"1":{"start":{"line":16,"column":39},"end":{"line":16,"column":52}},"2":{"start":{"line":17,"column":54},"end":{"line":17,"column":84}},"3":{"start":{"line":19,"column":34},"end":{"line":21,"column":3}},"4":{"start":{"line":20,"column":4},"end":{"line":20,"column":35}},"5":{"start":{"line":23,"column":26},"end":{"line":28,"column":3}},"6":{"start":{"line":24,"column":4},"end":{"line":27,"column":5}},"7":{"start":{"line":25,"column":6},"end":{"line":25,"column":62}},"8":{"start":{"line":26,"column":6},"end":{"line":26,"column":55}},"9":{"start":{"line":30,"column":2},"end":{"line":37,"column":3}},"10":{"start":{"line":31,"column":4},"end":{"line":36,"column":6}},"11":{"start":{"line":39,"column":2},"end":{"line":48,"column":3}},"12":{"start":{"line":40,"column":4},"end":{"line":47,"column":6}},"13":{"start":{"line":45,"column":56},"end":{"line":45,"column":80}},"14":{"start":{"line":50,"column":2},"end":{"line":106,"column":4}},"15":{"start":{"line":57,"column":12},"end":{"line":82,"column":31}},"16":{"start":{"line":64,"column":29},"end":{"line":64,"column":61}}},"fnMap":{"0":{"name":"(anonymous_0)","decl":{"start":{"line":15,"column":40},"end":{"line":15,"column":41}},"loc":{"start":{"line":15,"column":101},"end":{"line":107,"column":1}},"line":15},"1":{"name":"(anonymous_1)","decl":{"start":{"line":19,"column":34},"end":{"line":19,"column":35}},"loc":{"start":{"line":19,"column":56},"end":{"line":21,"column":3}},"line":19},"2":{"name":"(anonymous_2)","decl":{"start":{"line":23,"column":26},"end":{"line":23,"column":27}},"loc":{"start":{"line":23,"column":32},"end":{"line":28,"column":3}},"line":23},"3":{"name":"(anonymous_3)","decl":{"start":{"line":45,"column":50},"end":{"line":45,"column":51}},"loc":{"start":{"line":45,"column":56},"end":{"line":45,"column":80}},"line":45},"4":{"name":"(anonymous_4)","decl":{"start":{"line":56,"column":24},"end":{"line":56,"column":25}},"loc":{"start":{"line":57,"column":12},"end":{"line":82,"column":31}},"line":57},"5":{"name":"(anonymous_5)","decl":{"start":{"line":64,"column":23},"end":{"line":64,"column":24}},"loc":{"start":{"line":64,"column":29},"end":{"line":64,"column":61}},"line":64}},"branchMap":{"0":{"loc":{"start":{"line":24,"column":4},"end":{"line":27,"column":5}},"type":"if","locations":[{"start":{"line":24,"column":4},"end":{"line":27,"column":5}},{"start":{},"end":{}}],"line":24},"1":{"loc":{"start":{"line":30,"column":2},"end":{"line":37,"column":3}},"type":"if","locations":[{"start":{"line":30,"column":2},"end":{"line":37,"column":3}},{"start":{},"end":{}}],"line":30},"2":{"loc":{"start":{"line":39,"column":2},"end":{"line":48,"column":3}},"type":"if","locations":[{"start":{"line":39,"column":2},"end":{"line":48,"column":3}},{"start":{},"end":{}}],"line":39},"3":{"loc":{"start":{"line":60,"column":16},"end":{"line":62,"column":46}},"type":"cond-expr","locations":[{"start":{"line":61,"column":20},"end":{"line":61,"column":48}},{"start":{"line":62,"column":20},"end":{"line":62,"column":46}}],"line":60},"4":{"loc":{"start":{"line":88,"column":9},"end":{"line":94,"column":9}},"type":"binary-expr","locations":[{"start":{"line":88,"column":9},"end":{"line":88,"column":27}},{"start":{"line":89,"column":10},"end":{"line":93,"column":17}}],"line":88}},"s":{"0":2,"1":8,"2":8,"3":8,"4":0,"5":8,"6":0,"7":0,"8":0,"9":8,"10":6,"11":2,"12":0,"13":0,"14":2,"15":2,"16":0},"f":{"0":8,"1":0,"2":0,"3":0,"4":2,"5":0},"b":{"0":[0,0],"1":[6,2],"2":[0,2],"3":[0,2],"4":[2,0]},"_coverageSchema":"1a1c01bbd47fc00a2c39e90264f33305004495a9","hash":"3f966505b1700b6f390c2417bd46dd6add7dcd41"}
,"/home/Gab/Documentos/GitHub/caixa-app/components/StepThree.tsx": {"path":"/home/Gab/Documentos/GitHub/caixa-app/components/StepThree.tsx","statementMap":{"0":{"start":{"line":16,"column":44},"end":{"line":84,"column":1}},"1":{"start":{"line":17,"column":2},"end":{"line":83,"column":4}},"2":{"start":{"line":38,"column":12},"end":{"line":43,"column":14}},"3":{"start":{"line":59,"column":12},"end":{"line":65,"column":14}}},"fnMap":{"0":{"name":"(anonymous_0)","decl":{"start":{"line":16,"column":44},"end":{"line":16,"column":45}},"loc":{"start":{"line":16,"column":127},"end":{"line":84,"column":1}},"line":16},"1":{"name":"(anonymous_1)","decl":{"start":{"line":37,"column":18},"end":{"line":37,"column":19}},"loc":{"start":{"line":38,"column":12},"end":{"line":43,"column":14}},"line":38},"2":{"name":"(anonymous_2)","decl":{"start":{"line":58,"column":18},"end":{"line":58,"column":19}},"loc":{"start":{"line":59,"column":12},"end":{"line":65,"column":14}},"line":59}},"branchMap":{"0":{"loc":{"start":{"line":46,"column":9},"end":{"line":50,"column":9}},"type":"binary-expr","locations":[{"start":{"line":46,"column":9},"end":{"line":46,"column":33}},{"start":{"line":47,"column":10},"end":{"line":49,"column":17}}],"line":46},"1":{"loc":{"start":{"line":68,"column":9},"end":{"line":72,"column":9}},"type":"binary-expr","locations":[{"start":{"line":68,"column":9},"end":{"line":68,"column":27}},{"start":{"line":69,"column":10},"end":{"line":71,"column":17}}],"line":68}},"s":{"0":2,"1":4,"2":0,"3":0},"f":{"0":4,"1":0,"2":0},"b":{"0":[4,0],"1":[4,0]},"_coverageSchema":"1a1c01bbd47fc00a2c39e90264f33305004495a9","hash":"4baa5ce6ccaf30517f78a5b7e811699374fac4bd"}
,"/home/Gab/Documentos/GitHub/caixa-app/components/StepTwo.tsx": {"path":"/home/Gab/Documentos/GitHub/caixa-app/components/StepTwo.tsx","statementMap":{"0":{"start":{"line":18,"column":40},"end":{"line":242,"column":1}},"1":{"start":{"line":19,"column":23},"end":{"line":19,"column":36}},"2":{"start":{"line":20,"column":54},"end":{"line":20,"column":84}},"3":{"start":{"line":21,"column":36},"end":{"line":21,"column":55}},"4":{"start":{"line":22,"column":52},"end":{"line":22,"column":71}},"5":{"start":{"line":23,"column":36},"end":{"line":23,"column":78}},"6":{"start":{"line":26,"column":26},"end":{"line":26,"column":72}},"7":{"start":{"line":27,"column":26},"end":{"line":27,"column":72}},"8":{"start":{"line":29,"column":2},"end":{"line":37,"column":37}},"9":{"start":{"line":30,"column":4},"end":{"line":30,"column":62}},"10":{"start":{"line":31,"column":4},"end":{"line":31,"column":51}},"11":{"start":{"line":32,"column":4},"end":{"line":36,"column":5}},"12":{"start":{"line":33,"column":22},"end":{"line":33,"column":69}},"13":{"start":{"line":33,"column":41},"end":{"line":33,"column":68}},"14":{"start":{"line":34,"column":6},"end":{"line":34,"column":50}},"15":{"start":{"line":35,"column":6},"end":{"line":35,"column":45}},"16":{"start":{"line":39,"column":2},"end":{"line":74,"column":61}},"17":{"start":{"line":40,"column":4},"end":{"line":73,"column":5}},"18":{"start":{"line":42,"column":30},"end":{"line":46,"column":7}},"19":{"start":{"line":47,"column":6},"end":{"line":47,"column":36}},"20":{"start":{"line":49,"column":6},"end":{"line":68,"column":7}},"21":{"start":{"line":51,"column":26},"end":{"line":55,"column":9}},"22":{"start":{"line":56,"column":8},"end":{"line":56,"column":32}},"23":{"start":{"line":59,"column":23},"end":{"line":63,"column":9}},"24":{"start":{"line":64,"column":8},"end":{"line":64,"column":37}},"25":{"start":{"line":66,"column":8},"end":{"line":66,"column":27}},"26":{"start":{"line":67,"column":8},"end":{"line":67,"column":33}},"27":{"start":{"line":70,"column":6},"end":{"line":70,"column":25}},"28":{"start":{"line":71,"column":6},"end":{"line":71,"column":31}},"29":{"start":{"line":72,"column":6},"end":{"line":72,"column":48}},"30":{"start":{"line":76,"column":2},"end":{"line":76,"column":33}},"31":{"start":{"line":77,"column":2},"end":{"line":84,"column":3}},"32":{"start":{"line":78,"column":4},"end":{"line":83,"column":6}},"33":{"start":{"line":86,"column":2},"end":{"line":241,"column":4}},"34":{"start":{"line":104,"column":14},"end":{"line":110,"column":16}},"35":{"start":{"line":124,"column":14},"end":{"line":130,"column":16}},"36":{"start":{"line":145,"column":14},"end":{"line":162,"column":21}},"37":{"start":{"line":150,"column":33},"end":{"line":150,"column":50}},"38":{"start":{"line":158,"column":33},"end":{"line":158,"column":48}},"39":{"start":{"line":177,"column":14},"end":{"line":182,"column":16}},"40":{"start":{"line":207,"column":14},"end":{"line":210,"column":21}},"41":{"start":{"line":225,"column":14},"end":{"line":225,"column":72}}},"fnMap":{"0":{"name":"(anonymous_0)","decl":{"start":{"line":18,"column":40},"end":{"line":18,"column":41}},"loc":{"start":{"line":18,"column":123},"end":{"line":242,"column":1}},"line":18},"1":{"name":"(anonymous_1)","decl":{"start":{"line":29,"column":12},"end":{"line":29,"column":13}},"loc":{"start":{"line":29,"column":18},"end":{"line":37,"column":3}},"line":29},"2":{"name":"(anonymous_2)","decl":{"start":{"line":33,"column":36},"end":{"line":33,"column":37}},"loc":{"start":{"line":33,"column":41},"end":{"line":33,"column":68}},"line":33},"3":{"name":"(anonymous_3)","decl":{"start":{"line":39,"column":12},"end":{"line":39,"column":13}},"loc":{"start":{"line":39,"column":18},"end":{"line":74,"column":3}},"line":39},"4":{"name":"(anonymous_4)","decl":{"start":{"line":103,"column":20},"end":{"line":103,"column":21}},"loc":{"start":{"line":104,"column":14},"end":{"line":110,"column":16}},"line":104},"5":{"name":"(anonymous_5)","decl":{"start":{"line":123,"column":20},"end":{"line":123,"column":21}},"loc":{"start":{"line":124,"column":14},"end":{"line":130,"column":16}},"line":124},"6":{"name":"(anonymous_6)","decl":{"start":{"line":144,"column":20},"end":{"line":144,"column":21}},"loc":{"start":{"line":145,"column":14},"end":{"line":162,"column":21}},"line":145},"7":{"name":"(anonymous_7)","decl":{"start":{"line":150,"column":27},"end":{"line":150,"column":28}},"loc":{"start":{"line":150,"column":33},"end":{"line":150,"column":50}},"line":150},"8":{"name":"(anonymous_8)","decl":{"start":{"line":158,"column":27},"end":{"line":158,"column":28}},"loc":{"start":{"line":158,"column":33},"end":{"line":158,"column":48}},"line":158},"9":{"name":"(anonymous_9)","decl":{"start":{"line":176,"column":20},"end":{"line":176,"column":21}},"loc":{"start":{"line":177,"column":14},"end":{"line":182,"column":16}},"line":177},"10":{"name":"(anonymous_10)","decl":{"start":{"line":206,"column":47},"end":{"line":206,"column":48}},"loc":{"start":{"line":207,"column":14},"end":{"line":210,"column":21}},"line":207},"11":{"name":"(anonymous_11)","decl":{"start":{"line":224,"column":33},"end":{"line":224,"column":34}},"loc":{"start":{"line":225,"column":14},"end":{"line":225,"column":72}},"line":225}},"branchMap":{"0":{"loc":{"start":{"line":32,"column":4},"end":{"line":36,"column":5}},"type":"if","locations":[{"start":{"line":32,"column":4},"end":{"line":36,"column":5}},{"start":{},"end":{}}],"line":32},"1":{"loc":{"start":{"line":32,"column":8},"end":{"line":32,"column":49}},"type":"binary-expr","locations":[{"start":{"line":32,"column":8},"end":{"line":32,"column":26}},{"start":{"line":32,"column":30},"end":{"line":32,"column":49}}],"line":32},"2":{"loc":{"start":{"line":35,"column":28},"end":{"line":35,"column":43}},"type":"binary-expr","locations":[{"start":{"line":35,"column":28},"end":{"line":35,"column":35}},{"start":{"line":35,"column":39},"end":{"line":35,"column":43}}],"line":35},"3":{"loc":{"start":{"line":40,"column":4},"end":{"line":73,"column":5}},"type":"if","locations":[{"start":{"line":40,"column":4},"end":{"line":73,"column":5}},{"start":{"line":69,"column":11},"end":{"line":73,"column":5}}],"line":40},"4":{"loc":{"start":{"line":40,"column":8},"end":{"line":40,"column":64}},"type":"binary-expr","locations":[{"start":{"line":40,"column":8},"end":{"line":40,"column":26}},{"start":{"line":40,"column":30},"end":{"line":40,"column":45}},{"start":{"line":40,"column":49},"end":{"line":40,"column":64}}],"line":40},"5":{"loc":{"start":{"line":49,"column":6},"end":{"line":68,"column":7}},"type":"if","locations":[{"start":{"line":49,"column":6},"end":{"line":68,"column":7}},{"start":{"line":65,"column":13},"end":{"line":68,"column":7}}],"line":49},"6":{"loc":{"start":{"line":77,"column":2},"end":{"line":84,"column":3}},"type":"if","locations":[{"start":{"line":77,"column":2},"end":{"line":84,"column":3}},{"start":{},"end":{}}],"line":77},"7":{"loc":{"start":{"line":113,"column":11},"end":{"line":115,"column":11}},"type":"binary-expr","locations":[{"start":{"line":113,"column":11},"end":{"line":113,"column":33}},{"start":{"line":114,"column":12},"end":{"line":114,"column":87}}],"line":113},"8":{"loc":{"start":{"line":133,"column":11},"end":{"line":135,"column":11}},"type":"binary-expr","locations":[{"start":{"line":133,"column":11},"end":{"line":133,"column":33}},{"start":{"line":134,"column":12},"end":{"line":134,"column":87}}],"line":133},"9":{"loc":{"start":{"line":148,"column":20},"end":{"line":148,"column":89}},"type":"cond-expr","locations":[{"start":{"line":148,"column":40},"end":{"line":148,"column":69}},{"start":{"line":148,"column":72},"end":{"line":148,"column":89}}],"line":148},"10":{"loc":{"start":{"line":156,"column":20},"end":{"line":156,"column":87}},"type":"cond-expr","locations":[{"start":{"line":156,"column":38},"end":{"line":156,"column":67}},{"start":{"line":156,"column":70},"end":{"line":156,"column":87}}],"line":156},"11":{"loc":{"start":{"line":165,"column":11},"end":{"line":167,"column":11}},"type":"binary-expr","locations":[{"start":{"line":165,"column":11},"end":{"line":165,"column":36}},{"start":{"line":166,"column":12},"end":{"line":166,"column":90}}],"line":165},"12":{"loc":{"start":{"line":185,"column":11},"end":{"line":187,"column":11}},"type":"binary-expr","locations":[{"start":{"line":185,"column":11},"end":{"line":185,"column":32}},{"start":{"line":186,"column":12},"end":{"line":186,"column":86}}],"line":185},"13":{"loc":{"start":{"line":191,"column":9},"end":{"line":200,"column":9}},"type":"binary-expr","locations":[{"start":{"line":191,"column":9},"end":{"line":191,"column":18}},{"start":{"line":192,"column":10},"end":{"line":199,"column":17}}],"line":191},"14":{"loc":{"start":{"line":203,"column":9},"end":{"line":218,"column":9}},"type":"binary-expr","locations":[{"start":{"line":203,"column":9},"end":{"line":203,"column":37}},{"start":{"line":204,"column":10},"end":{"line":217,"column":17}}],"line":203},"15":{"loc":{"start":{"line":212,"column":13},"end":{"line":216,"column":13}},"type":"binary-expr","locations":[{"start":{"line":212,"column":13},"end":{"line":212,"column":41}},{"start":{"line":213,"column":14},"end":{"line":215,"column":21}}],"line":212},"16":{"loc":{"start":{"line":221,"column":9},"end":{"line":228,"column":9}},"type":"binary-expr","locations":[{"start":{"line":221,"column":9},"end":{"line":221,"column":26}},{"start":{"line":222,"column":10},"end":{"line":227,"column":17}}],"line":221},"17":{"loc":{"start":{"line":236,"column":22},"end":{"line":236,"column":79}},"type":"binary-expr","locations":[{"start":{"line":236,"column":22},"end":{"line":236,"column":39}},{"start":{"line":236,"column":43},"end":{"line":236,"column":59}},{"start":{"line":236,"column":63},"end":{"line":236,"column":79}}],"line":236}},"s":{"0":2,"1":24,"2":24,"3":24,"4":24,"5":24,"6":24,"7":24,"8":24,"9":9,"10":9,"11":9,"12":8,"13":8,"14":8,"15":8,"16":24,"17":16,"18":8,"19":8,"20":8,"21":2,"22":2,"23":2,"24":2,"25":3,"26":3,"27":8,"28":8,"29":8,"30":24,"31":24,"32":9,"33":15,"34":11,"35":11,"36":11,"37":0,"38":0,"39":11,"40":0,"41":3},"f":{"0":24,"1":9,"2":8,"3":16,"4":11,"5":11,"6":11,"7":0,"8":0,"9":11,"10":0,"11":3},"b":{"0":[8,1],"1":[9,9],"2":[8,0],"3":[8,8],"4":[16,8,8],"5":[2,3],"6":[9,15],"7":[15,0],"8":[15,0],"9":[0,11],"10":[0,11],"11":[15,0],"12":[15,0],"13":[15,4],"14":[15,0],"15":[0,0],"16":[11,3],"17":[11,8,8]},"_coverageSchema":"1a1c01bbd47fc00a2c39e90264f33305004495a9","hash":"71f72e25cb126aa3e5545036e4d11c447675edd9"}
,"/home/Gab/Documentos/GitHub/caixa-app/hooks/useFonts.ts": {"path":"/home/Gab/Documentos/GitHub/caixa-app/hooks/useFonts.ts","statementMap":{"0":{"start":{"line":4,"column":30},"end":{"line":20,"column":1}},"1":{"start":{"line":5,"column":35},"end":{"line":11,"column":4}},"2":{"start":{"line":13,"column":2},"end":{"line":17,"column":18}},"3":{"start":{"line":14,"column":4},"end":{"line":16,"column":5}},"4":{"start":{"line":15,"column":6},"end":{"line":15,"column":59}},"5":{"start":{"line":19,"column":2},"end":{"line":19,"column":21}}},"fnMap":{"0":{"name":"(anonymous_0)","decl":{"start":{"line":4,"column":30},"end":{"line":4,"column":31}},"loc":{"start":{"line":4,"column":36},"end":{"line":20,"column":1}},"line":4},"1":{"name":"(anonymous_1)","decl":{"start":{"line":13,"column":12},"end":{"line":13,"column":13}},"loc":{"start":{"line":13,"column":18},"end":{"line":17,"column":3}},"line":13}},"branchMap":{"0":{"loc":{"start":{"line":14,"column":4},"end":{"line":16,"column":5}},"type":"if","locations":[{"start":{"line":14,"column":4},"end":{"line":16,"column":5}},{"start":{},"end":{}}],"line":14}},"s":{"0":1,"1":4,"2":4,"3":4,"4":1,"5":4},"f":{"0":4,"1":4},"b":{"0":[1,3]},"_coverageSchema":"1a1c01bbd47fc00a2c39e90264f33305004495a9","hash":"3cd40de61f8f7a101dbe69d001f6d201f6f9717f"}
,"/home/Gab/Documentos/GitHub/caixa-app/hooks/useHomeData.ts": {"path":"/home/Gab/Documentos/GitHub/caixa-app/hooks/useHomeData.ts","statementMap":{"0":{"start":{"line":17,"column":27},"end":{"line":128,"column":1}},"1":{"start":{"line":18,"column":32},"end":{"line":18,"column":62}},"2":{"start":{"line":19,"column":36},"end":{"line":19,"column":60}},"3":{"start":{"line":20,"column":34},"end":{"line":20,"column":57}},"4":{"start":{"line":21,"column":64},"end":{"line":21,"column":98}},"5":{"start":{"line":22,"column":42},"end":{"line":22,"column":86}},"6":{"start":{"line":23,"column":32},"end":{"line":23,"column":55}},"7":{"start":{"line":24,"column":28},"end":{"line":24,"column":57}},"8":{"start":{"line":26,"column":31},"end":{"line":51,"column":3}},"9":{"start":{"line":27,"column":26},"end":{"line":27,"column":69}},"10":{"start":{"line":27,"column":47},"end":{"line":27,"column":68}},"11":{"start":{"line":28,"column":30},"end":{"line":28,"column":77}},"12":{"start":{"line":28,"column":51},"end":{"line":28,"column":76}},"13":{"start":{"line":30,"column":22},"end":{"line":30,"column":83}},"14":{"start":{"line":30,"column":55},"end":{"line":30,"column":79}},"15":{"start":{"line":31,"column":26},"end":{"line":31,"column":87}},"16":{"start":{"line":31,"column":63},"end":{"line":31,"column":83}},"17":{"start":{"line":33,"column":30},"end":{"line":38,"column":9}},"18":{"start":{"line":34,"column":31},"end":{"line":34,"column":81}},"19":{"start":{"line":34,"column":52},"end":{"line":34,"column":80}},"20":{"start":{"line":35,"column":28},"end":{"line":36,"column":61}},"21":{"start":{"line":36,"column":24},"end":{"line":36,"column":57}},"22":{"start":{"line":37,"column":6},"end":{"line":37,"column":56}},"23":{"start":{"line":40,"column":27},"end":{"line":42,"column":9}},"24":{"start":{"line":44,"column":4},"end":{"line":50,"column":6}},"25":{"start":{"line":53,"column":42},"end":{"line":76,"column":3}},"26":{"start":{"line":54,"column":4},"end":{"line":75,"column":5}},"27":{"start":{"line":55,"column":31},"end":{"line":55,"column":76}},"28":{"start":{"line":57,"column":34},"end":{"line":70,"column":7}},"29":{"start":{"line":59,"column":10},"end":{"line":68,"column":11}},"30":{"start":{"line":60,"column":29},"end":{"line":60,"column":93}},"31":{"start":{"line":61,"column":12},"end":{"line":65,"column":14}},"32":{"start":{"line":67,"column":12},"end":{"line":67,"column":27}},"33":{"start":{"line":72,"column":6},"end":{"line":72,"column":54}},"34":{"start":{"line":74,"column":6},"end":{"line":74,"column":73}},"35":{"start":{"line":78,"column":2},"end":{"line":117,"column":15}},"36":{"start":{"line":79,"column":26},"end":{"line":114,"column":5}},"37":{"start":{"line":80,"column":6},"end":{"line":113,"column":7}},"38":{"start":{"line":81,"column":8},"end":{"line":81,"column":25}},"39":{"start":{"line":82,"column":8},"end":{"line":82,"column":23}},"40":{"start":{"line":84,"column":58},"end":{"line":87,"column":10}},"41":{"start":{"line":89,"column":8},"end":{"line":89,"column":38}},"42":{"start":{"line":90,"column":8},"end":{"line":90,"column":43}},"43":{"start":{"line":93,"column":30},"end":{"line":97,"column":9}},"44":{"start":{"line":95,"column":12},"end":{"line":95,"column":58}},"45":{"start":{"line":99,"column":29},"end":{"line":99,"column":49}},"46":{"start":{"line":100,"column":8},"end":{"line":100,"column":34}},"47":{"start":{"line":103,"column":8},"end":{"line":103,"column":68}},"48":{"start":{"line":105,"column":22},"end":{"line":105,"column":78}},"49":{"start":{"line":106,"column":8},"end":{"line":106,"column":31}},"50":{"start":{"line":109,"column":8},"end":{"line":109,"column":54}},"51":{"start":{"line":110,"column":8},"end":{"line":110,"column":56}},"52":{"start":{"line":112,"column":8},"end":{"line":112,"column":26}},"53":{"start":{"line":116,"column":4},"end":{"line":116,"column":20}},"54":{"start":{"line":119,"column":2},"end":{"line":127,"column":4}}},"fnMap":{"0":{"name":"(anonymous_0)","decl":{"start":{"line":17,"column":27},"end":{"line":17,"column":28}},"loc":{"start":{"line":17,"column":51},"end":{"line":128,"column":1}},"line":17},"1":{"name":"(anonymous_1)","decl":{"start":{"line":26,"column":31},"end":{"line":26,"column":32}},"loc":{"start":{"line":26,"column":102},"end":{"line":51,"column":3}},"line":26},"2":{"name":"(anonymous_2)","decl":{"start":{"line":27,"column":42},"end":{"line":27,"column":43}},"loc":{"start":{"line":27,"column":47},"end":{"line":27,"column":68}},"line":27},"3":{"name":"(anonymous_3)","decl":{"start":{"line":28,"column":46},"end":{"line":28,"column":47}},"loc":{"start":{"line":28,"column":51},"end":{"line":28,"column":76}},"line":28},"4":{"name":"(anonymous_4)","decl":{"start":{"line":30,"column":43},"end":{"line":30,"column":44}},"loc":{"start":{"line":30,"column":55},"end":{"line":30,"column":79}},"line":30},"5":{"name":"(anonymous_5)","decl":{"start":{"line":31,"column":51},"end":{"line":31,"column":52}},"loc":{"start":{"line":31,"column":63},"end":{"line":31,"column":83}},"line":31},"6":{"name":"(anonymous_6)","decl":{"start":{"line":33,"column":47},"end":{"line":33,"column":48}},"loc":{"start":{"line":33,"column":68},"end":{"line":38,"column":5}},"line":33},"7":{"name":"(anonymous_7)","decl":{"start":{"line":34,"column":47},"end":{"line":34,"column":48}},"loc":{"start":{"line":34,"column":52},"end":{"line":34,"column":80}},"line":34},"8":{"name":"(anonymous_8)","decl":{"start":{"line":36,"column":14},"end":{"line":36,"column":15}},"loc":{"start":{"line":36,"column":24},"end":{"line":36,"column":57}},"line":36},"9":{"name":"(anonymous_9)","decl":{"start":{"line":53,"column":42},"end":{"line":53,"column":43}},"loc":{"start":{"line":53,"column":75},"end":{"line":76,"column":3}},"line":53},"10":{"name":"(anonymous_10)","decl":{"start":{"line":58,"column":29},"end":{"line":58,"column":30}},"loc":{"start":{"line":58,"column":48},"end":{"line":69,"column":9}},"line":58},"11":{"name":"(anonymous_11)","decl":{"start":{"line":78,"column":12},"end":{"line":78,"column":13}},"loc":{"start":{"line":78,"column":18},"end":{"line":117,"column":3}},"line":78},"12":{"name":"(anonymous_12)","decl":{"start":{"line":79,"column":26},"end":{"line":79,"column":27}},"loc":{"start":{"line":79,"column":38},"end":{"line":114,"column":5}},"line":79},"13":{"name":"(anonymous_13)","decl":{"start":{"line":94,"column":35},"end":{"line":94,"column":36}},"loc":{"start":{"line":95,"column":12},"end":{"line":95,"column":58}},"line":95}},"branchMap":{"0":{"loc":{"start":{"line":17,"column":28},"end":{"line":17,"column":46}},"type":"default-arg","locations":[{"start":{"line":17,"column":45},"end":{"line":17,"column":46}}],"line":17},"1":{"loc":{"start":{"line":30,"column":62},"end":{"line":30,"column":78}},"type":"binary-expr","locations":[{"start":{"line":30,"column":62},"end":{"line":30,"column":73}},{"start":{"line":30,"column":77},"end":{"line":30,"column":78}}],"line":30},"2":{"loc":{"start":{"line":37,"column":22},"end":{"line":37,"column":54}},"type":"binary-expr","locations":[{"start":{"line":37,"column":22},"end":{"line":37,"column":49}},{"start":{"line":37,"column":53},"end":{"line":37,"column":54}}],"line":37},"3":{"loc":{"start":{"line":40,"column":27},"end":{"line":42,"column":9}},"type":"cond-expr","locations":[{"start":{"line":41,"column":8},"end":{"line":41,"column":54}},{"start":{"line":42,"column":8},"end":{"line":42,"column":9}}],"line":40},"4":{"loc":{"start":{"line":63,"column":28},"end":{"line":63,"column":80}},"type":"binary-expr","locations":[{"start":{"line":63,"column":28},"end":{"line":63,"column":54}},{"start":{"line":63,"column":58},"end":{"line":63,"column":80}}],"line":63}},"s":{"0":1,"1":4,"2":4,"3":4,"4":4,"5":4,"6":4,"7":4,"8":4,"9":1,"10":1,"11":1,"12":1,"13":1,"14":0,"15":1,"16":1,"17":1,"18":1,"19":1,"20":1,"21":0,"22":1,"23":1,"24":1,"25":4,"26":1,"27":1,"28":1,"29":0,"30":0,"31":0,"32":0,"33":0,"34":1,"35":4,"36":2,"37":2,"38":2,"39":2,"40":2,"41":1,"42":1,"43":1,"44":1,"45":1,"46":1,"47":1,"48":1,"49":1,"50":1,"51":1,"52":2,"53":2,"54":4},"f":{"0":4,"1":1,"2":1,"3":1,"4":0,"5":1,"6":1,"7":1,"8":0,"9":1,"10":0,"11":2,"12":2,"13":1},"b":{"0":[0],"1":[0,0],"2":[1,0],"3":[1,0],"4":[0,0]},"_coverageSchema":"1a1c01bbd47fc00a2c39e90264f33305004495a9","hash":"3171f5b5f6fc5eec3b10467c26808f1020b2d1bb"}
,"/home/Gab/Documentos/GitHub/caixa-app/hooks/useProdutos.ts": {"path":"/home/Gab/Documentos/GitHub/caixa-app/hooks/useProdutos.ts","statementMap":{"0":{"start":{"line":14,"column":27},"end":{"line":66,"column":1}},"1":{"start":{"line":15,"column":34},"end":{"line":15,"column":57}},"2":{"start":{"line":16,"column":32},"end":{"line":16,"column":55}},"3":{"start":{"line":17,"column":28},"end":{"line":17,"column":57}},"4":{"start":{"line":20,"column":31},"end":{"line":27,"column":37}},"5":{"start":{"line":21,"column":22},"end":{"line":21,"column":51}},"6":{"start":{"line":22,"column":4},"end":{"line":24,"column":5}},"7":{"start":{"line":23,"column":6},"end":{"line":23,"column":26}},"8":{"start":{"line":25,"column":4},"end":{"line":25,"column":33}},"9":{"start":{"line":26,"column":4},"end":{"line":26,"column":15}},"10":{"start":{"line":29,"column":27},"end":{"line":43,"column":3}},"11":{"start":{"line":30,"column":4},"end":{"line":42,"column":5}},"12":{"start":{"line":31,"column":6},"end":{"line":31,"column":23}},"13":{"start":{"line":32,"column":6},"end":{"line":32,"column":21}},"14":{"start":{"line":34,"column":27},"end":{"line":34,"column":57}},"15":{"start":{"line":35,"column":6},"end":{"line":35,"column":32}},"16":{"start":{"line":38,"column":6},"end":{"line":38,"column":55}},"17":{"start":{"line":39,"column":6},"end":{"line":39,"column":62}},"18":{"start":{"line":41,"column":6},"end":{"line":41,"column":24}},"19":{"start":{"line":45,"column":29},"end":{"line":47,"column":3}},"20":{"start":{"line":46,"column":4},"end":{"line":46,"column":71}},"21":{"start":{"line":46,"column":38},"end":{"line":46,"column":69}},"22":{"start":{"line":49,"column":22},"end":{"line":51,"column":3}},"23":{"start":{"line":50,"column":4},"end":{"line":50,"column":55}},"24":{"start":{"line":50,"column":36},"end":{"line":50,"column":53}},"25":{"start":{"line":53,"column":2},"end":{"line":55,"column":9}},"26":{"start":{"line":54,"column":4},"end":{"line":54,"column":23}},"27":{"start":{"line":57,"column":2},"end":{"line":65,"column":4}},"28":{"start":{"line":69,"column":39},"end":{"line":83,"column":1}},"29":{"start":{"line":70,"column":61},"end":{"line":70,"column":74}},"30":{"start":{"line":72,"column":28},"end":{"line":72,"column":87}},"31":{"start":{"line":72,"column":55},"end":{"line":72,"column":86}},"32":{"start":{"line":74,"column":2},"end":{"line":82,"column":4}},"33":{"start":{"line":80,"column":30},"end":{"line":80,"column":47}},"34":{"start":{"line":86,"column":31},"end":{"line":97,"column":1}},"35":{"start":{"line":87,"column":48},"end":{"line":87,"column":61}},"36":{"start":{"line":89,"column":18},"end":{"line":89,"column":49}},"37":{"start":{"line":89,"column":37},"end":{"line":89,"column":48}},"38":{"start":{"line":91,"column":2},"end":{"line":96,"column":4}}},"fnMap":{"0":{"name":"(anonymous_0)","decl":{"start":{"line":14,"column":27},"end":{"line":14,"column":28}},"loc":{"start":{"line":14,"column":52},"end":{"line":66,"column":1}},"line":14},"1":{"name":"(anonymous_1)","decl":{"start":{"line":20,"column":47},"end":{"line":20,"column":48}},"loc":{"start":{"line":20,"column":65},"end":{"line":27,"column":3}},"line":20},"2":{"name":"(anonymous_2)","decl":{"start":{"line":29,"column":27},"end":{"line":29,"column":28}},"loc":{"start":{"line":29,"column":54},"end":{"line":43,"column":3}},"line":29},"3":{"name":"(anonymous_3)","decl":{"start":{"line":45,"column":29},"end":{"line":45,"column":30}},"loc":{"start":{"line":45,"column":63},"end":{"line":47,"column":3}},"line":45},"4":{"name":"(anonymous_4)","decl":{"start":{"line":46,"column":27},"end":{"line":46,"column":28}},"loc":{"start":{"line":46,"column":38},"end":{"line":46,"column":69}},"line":46},"5":{"name":"(anonymous_5)","decl":{"start":{"line":49,"column":22},"end":{"line":49,"column":23}},"loc":{"start":{"line":49,"column":59},"end":{"line":51,"column":3}},"line":49},"6":{"name":"(anonymous_6)","decl":{"start":{"line":50,"column":25},"end":{"line":50,"column":26}},"loc":{"start":{"line":50,"column":36},"end":{"line":50,"column":53}},"line":50},"7":{"name":"(anonymous_7)","decl":{"start":{"line":53,"column":12},"end":{"line":53,"column":13}},"loc":{"start":{"line":53,"column":18},"end":{"line":55,"column":3}},"line":53},"8":{"name":"(anonymous_8)","decl":{"start":{"line":69,"column":39},"end":{"line":69,"column":40}},"loc":{"start":{"line":69,"column":81},"end":{"line":83,"column":1}},"line":69},"9":{"name":"(anonymous_9)","decl":{"start":{"line":72,"column":44},"end":{"line":72,"column":45}},"loc":{"start":{"line":72,"column":55},"end":{"line":72,"column":86}},"line":72},"10":{"name":"(anonymous_10)","decl":{"start":{"line":80,"column":24},"end":{"line":80,"column":25}},"loc":{"start":{"line":80,"column":30},"end":{"line":80,"column":47}},"line":80},"11":{"name":"(anonymous_11)","decl":{"start":{"line":86,"column":31},"end":{"line":86,"column":32}},"loc":{"start":{"line":86,"column":47},"end":{"line":97,"column":1}},"line":86},"12":{"name":"(anonymous_12)","decl":{"start":{"line":89,"column":32},"end":{"line":89,"column":33}},"loc":{"start":{"line":89,"column":37},"end":{"line":89,"column":48}},"line":89}},"branchMap":{"0":{"loc":{"start":{"line":21,"column":22},"end":{"line":21,"column":51}},"type":"binary-expr","locations":[{"start":{"line":21,"column":22},"end":{"line":21,"column":39}},{"start":{"line":21,"column":43},"end":{"line":21,"column":51}}],"line":21},"1":{"loc":{"start":{"line":22,"column":4},"end":{"line":24,"column":5}},"type":"if","locations":[{"start":{"line":22,"column":4},"end":{"line":24,"column":5}},{"start":{},"end":{}}],"line":22}},"s":{"0":2,"1":22,"2":22,"3":22,"4":22,"5":16,"6":16,"7":12,"8":16,"9":16,"10":22,"11":10,"12":10,"13":10,"14":10,"15":8,"16":1,"17":1,"18":9,"19":22,"20":0,"21":0,"22":22,"23":0,"24":0,"25":22,"26":10,"27":22,"28":2,"29":2,"30":2,"31":2,"32":2,"33":0,"34":2,"35":4,"36":4,"37":2,"38":4},"f":{"0":22,"1":16,"2":10,"3":0,"4":0,"5":0,"6":0,"7":10,"8":2,"9":2,"10":0,"11":4,"12":2},"b":{"0":[16,0],"1":[12,4]},"_coverageSchema":"1a1c01bbd47fc00a2c39e90264f33305004495a9","hash":"3939db4151f0866197da0b3edb5a502eb79eee1b"}
,"/home/Gab/Documentos/GitHub/caixa-app/services/contratosService.ts": {"path":"/home/Gab/Documentos/GitHub/caixa-app/services/contratosService.ts","statementMap":{"0":{"start":{"line":6,"column":32},"end":{"line":61,"column":1}},"1":{"start":{"line":9,"column":16},"end":{"line":9,"column":38}},"2":{"start":{"line":10,"column":21},"end":{"line":10,"column":62}},"3":{"start":{"line":11,"column":4},"end":{"line":11,"column":25}},"4":{"start":{"line":16,"column":16},"end":{"line":16,"column":38}},"5":{"start":{"line":17,"column":21},"end":{"line":17,"column":66}},"6":{"start":{"line":18,"column":4},"end":{"line":18,"column":25}},"7":{"start":{"line":23,"column":16},"end":{"line":23,"column":38}},"8":{"start":{"line":24,"column":21},"end":{"line":24,"column":85}},"9":{"start":{"line":25,"column":4},"end":{"line":25,"column":25}},"10":{"start":{"line":30,"column":16},"end":{"line":30,"column":38}},"11":{"start":{"line":31,"column":21},"end":{"line":31,"column":79}},"12":{"start":{"line":32,"column":4},"end":{"line":32,"column":25}},"13":{"start":{"line":37,"column":16},"end":{"line":37,"column":38}},"14":{"start":{"line":38,"column":21},"end":{"line":38,"column":71}},"15":{"start":{"line":39,"column":4},"end":{"line":39,"column":25}},"16":{"start":{"line":44,"column":16},"end":{"line":44,"column":38}},"17":{"start":{"line":45,"column":21},"end":{"line":45,"column":76}},"18":{"start":{"line":46,"column":4},"end":{"line":46,"column":25}},"19":{"start":{"line":51,"column":16},"end":{"line":51,"column":38}},"20":{"start":{"line":52,"column":21},"end":{"line":52,"column":93}},"21":{"start":{"line":53,"column":4},"end":{"line":53,"column":25}},"22":{"start":{"line":58,"column":16},"end":{"line":58,"column":38}},"23":{"start":{"line":59,"column":4},"end":{"line":59,"column":43}}},"fnMap":{"0":{"name":"(anonymous_0)","decl":{"start":{"line":8,"column":10},"end":{"line":8,"column":11}},"loc":{"start":{"line":8,"column":43},"end":{"line":12,"column":3}},"line":8},"1":{"name":"(anonymous_1)","decl":{"start":{"line":15,"column":15},"end":{"line":15,"column":16}},"loc":{"start":{"line":15,"column":56},"end":{"line":19,"column":3}},"line":15},"2":{"name":"(anonymous_2)","decl":{"start":{"line":22,"column":21},"end":{"line":22,"column":22}},"loc":{"start":{"line":22,"column":71},"end":{"line":26,"column":3}},"line":22},"3":{"name":"(anonymous_3)","decl":{"start":{"line":29,"column":20},"end":{"line":29,"column":21}},"loc":{"start":{"line":29,"column":79},"end":{"line":33,"column":3}},"line":29},"4":{"name":"(anonymous_4)","decl":{"start":{"line":36,"column":9},"end":{"line":36,"column":10}},"loc":{"start":{"line":36,"column":71},"end":{"line":40,"column":3}},"line":36},"5":{"name":"(anonymous_5)","decl":{"start":{"line":43,"column":13},"end":{"line":43,"column":14}},"loc":{"start":{"line":43,"column":83},"end":{"line":47,"column":3}},"line":43},"6":{"name":"(anonymous_6)","decl":{"start":{"line":50,"column":12},"end":{"line":50,"column":13}},"loc":{"start":{"line":50,"column":53},"end":{"line":54,"column":3}},"line":50},"7":{"name":"(anonymous_7)","decl":{"start":{"line":57,"column":11},"end":{"line":57,"column":12}},"loc":{"start":{"line":57,"column":48},"end":{"line":60,"column":3}},"line":57}},"branchMap":{},"s":{"0":2,"1":1,"2":1,"3":1,"4":1,"5":1,"6":1,"7":1,"8":1,"9":1,"10":1,"11":1,"12":1,"13":1,"14":1,"15":1,"16":1,"17":1,"18":1,"19":1,"20":1,"21":1,"22":1,"23":1},"f":{"0":1,"1":1,"2":1,"3":1,"4":1,"5":1,"6":1,"7":1},"b":{},"_coverageSchema":"1a1c01bbd47fc00a2c39e90264f33305004495a9","hash":"430cfe187b3e6c6a0643bdbdf5c54cfa8adc1747"}
,"/home/Gab/Documentos/GitHub/caixa-app/services/index.ts": {"path":"/home/Gab/Documentos/GitHub/caixa-app/services/index.ts","statementMap":{},"fnMap":{},"branchMap":{},"s":{},"f":{},"b":{},"_coverageSchema":"1a1c01bbd47fc00a2c39e90264f33305004495a9","hash":"16d9974e5ce0a940c0b219ee9bb49661df0ff410"}
,"/home/Gab/Documentos/GitHub/caixa-app/services/parcelasService.ts": {"path":"/home/Gab/Documentos/GitHub/caixa-app/services/parcelasService.ts","statementMap":{"0":{"start":{"line":4,"column":31},"end":{"line":233,"column":1}},"1":{"start":{"line":7,"column":16},"end":{"line":7,"column":38}},"2":{"start":{"line":8,"column":21},"end":{"line":8,"column":58}},"3":{"start":{"line":9,"column":4},"end":{"line":9,"column":25}},"4":{"start":{"line":14,"column":16},"end":{"line":14,"column":38}},"5":{"start":{"line":15,"column":21},"end":{"line":15,"column":62}},"6":{"start":{"line":16,"column":4},"end":{"line":16,"column":25}},"7":{"start":{"line":21,"column":16},"end":{"line":21,"column":38}},"8":{"start":{"line":22,"column":21},"end":{"line":22,"column":83}},"9":{"start":{"line":23,"column":4},"end":{"line":23,"column":25}},"10":{"start":{"line":28,"column":16},"end":{"line":28,"column":38}},"11":{"start":{"line":29,"column":21},"end":{"line":29,"column":79}},"12":{"start":{"line":30,"column":4},"end":{"line":30,"column":25}},"13":{"start":{"line":35,"column":16},"end":{"line":35,"column":38}},"14":{"start":{"line":36,"column":21},"end":{"line":36,"column":97}},"15":{"start":{"line":37,"column":4},"end":{"line":37,"column":25}},"16":{"start":{"line":42,"column":16},"end":{"line":42,"column":38}},"17":{"start":{"line":43,"column":21},"end":{"line":43,"column":101}},"18":{"start":{"line":44,"column":4},"end":{"line":44,"column":25}},"19":{"start":{"line":49,"column":16},"end":{"line":49,"column":38}},"20":{"start":{"line":50,"column":17},"end":{"line":50,"column":27}},"21":{"start":{"line":51,"column":23},"end":{"line":51,"column":74}},"22":{"start":{"line":53,"column":21},"end":{"line":53,"column":76}},"23":{"start":{"line":56,"column":4},"end":{"line":59,"column":7}},"24":{"start":{"line":57,"column":29},"end":{"line":57,"column":61}},"25":{"start":{"line":58,"column":6},"end":{"line":58,"column":68}},"26":{"start":{"line":64,"column":16},"end":{"line":64,"column":38}},"27":{"start":{"line":65,"column":21},"end":{"line":65,"column":76}},"28":{"start":{"line":66,"column":17},"end":{"line":66,"column":27}},"29":{"start":{"line":69,"column":29},"end":{"line":72,"column":6}},"30":{"start":{"line":70,"column":29},"end":{"line":70,"column":61}},"31":{"start":{"line":71,"column":6},"end":{"line":71,"column":35}},"32":{"start":{"line":75,"column":4},"end":{"line":78,"column":8}},"33":{"start":{"line":75,"column":44},"end":{"line":78,"column":5}},"34":{"start":{"line":83,"column":16},"end":{"line":83,"column":38}},"35":{"start":{"line":84,"column":17},"end":{"line":84,"column":27}},"36":{"start":{"line":85,"column":27},"end":{"line":85,"column":75}},"37":{"start":{"line":86,"column":25},"end":{"line":86,"column":77}},"38":{"start":{"line":88,"column":21},"end":{"line":88,"column":76}},"39":{"start":{"line":91,"column":4},"end":{"line":94,"column":7}},"40":{"start":{"line":92,"column":29},"end":{"line":92,"column":61}},"41":{"start":{"line":93,"column":6},"end":{"line":93,"column":80}},"42":{"start":{"line":99,"column":16},"end":{"line":99,"column":38}},"43":{"start":{"line":100,"column":21},"end":{"line":100,"column":66}},"44":{"start":{"line":101,"column":4},"end":{"line":101,"column":25}},"45":{"start":{"line":106,"column":16},"end":{"line":106,"column":38}},"46":{"start":{"line":107,"column":21},"end":{"line":107,"column":71}},"47":{"start":{"line":108,"column":4},"end":{"line":108,"column":25}},"48":{"start":{"line":113,"column":16},"end":{"line":113,"column":38}},"49":{"start":{"line":114,"column":21},"end":{"line":114,"column":78}},"50":{"start":{"line":115,"column":4},"end":{"line":115,"column":25}},"51":{"start":{"line":120,"column":16},"end":{"line":120,"column":38}},"52":{"start":{"line":121,"column":21},"end":{"line":123,"column":6}},"53":{"start":{"line":124,"column":4},"end":{"line":124,"column":25}},"54":{"start":{"line":129,"column":16},"end":{"line":129,"column":38}},"55":{"start":{"line":130,"column":4},"end":{"line":130,"column":40}},"56":{"start":{"line":135,"column":16},"end":{"line":135,"column":38}},"57":{"start":{"line":136,"column":19},"end":{"line":136,"column":40}},"58":{"start":{"line":138,"column":4},"end":{"line":142,"column":7}},"59":{"start":{"line":139,"column":6},"end":{"line":141,"column":7}},"60":{"start":{"line":140,"column":8},"end":{"line":140,"column":45}},"61":{"start":{"line":144,"column":21},"end":{"line":144,"column":79}},"62":{"start":{"line":145,"column":4},"end":{"line":145,"column":25}},"63":{"start":{"line":150,"column":21},"end":{"line":150,"column":72}},"64":{"start":{"line":152,"column":18},"end":{"line":152,"column":68}},"65":{"start":{"line":152,"column":39},"end":{"line":152,"column":60}},"66":{"start":{"line":153,"column":22},"end":{"line":153,"column":76}},"67":{"start":{"line":153,"column":43},"end":{"line":153,"column":68}},"68":{"start":{"line":154,"column":21},"end":{"line":158,"column":13}},"69":{"start":{"line":155,"column":19},"end":{"line":155,"column":29}},"70":{"start":{"line":156,"column":29},"end":{"line":156,"column":55}},"71":{"start":{"line":157,"column":6},"end":{"line":157,"column":64}},"72":{"start":{"line":160,"column":27},"end":{"line":162,"column":54}},"73":{"start":{"line":161,"column":19},"end":{"line":161,"column":40}},"74":{"start":{"line":162,"column":26},"end":{"line":162,"column":50}},"75":{"start":{"line":164,"column":31},"end":{"line":166,"column":50}},"76":{"start":{"line":165,"column":19},"end":{"line":165,"column":44}},"77":{"start":{"line":166,"column":26},"end":{"line":166,"column":46}},"78":{"start":{"line":168,"column":4},"end":{"line":178,"column":6}},"79":{"start":{"line":173,"column":39},"end":{"line":173,"column":65}},"80":{"start":{"line":183,"column":45},"end":{"line":183,"column":47}},"81":{"start":{"line":184,"column":23},"end":{"line":184,"column":36}},"82":{"start":{"line":185,"column":23},"end":{"line":185,"column":38}},"83":{"start":{"line":187,"column":4},"end":{"line":222,"column":5}},"84":{"start":{"line":187,"column":17},"end":{"line":187,"column":18}},"85":{"start":{"line":192,"column":6},"end":{"line":203,"column":7}},"86":{"start":{"line":194,"column":8},"end":{"line":194,"column":55}},"87":{"start":{"line":195,"column":8},"end":{"line":195,"column":47}},"88":{"start":{"line":196,"column":8},"end":{"line":196,"column":53}},"89":{"start":{"line":199,"column":8},"end":{"line":200,"column":66}},"90":{"start":{"line":201,"column":8},"end":{"line":201,"column":47}},"91":{"start":{"line":202,"column":8},"end":{"line":202,"column":53}},"92":{"start":{"line":205,"column":6},"end":{"line":205,"column":39}},"93":{"start":{"line":208,"column":29},"end":{"line":208,"column":39}},"94":{"start":{"line":209,"column":6},"end":{"line":209,"column":61}},"95":{"start":{"line":211,"column":6},"end":{"line":221,"column":9}},"96":{"start":{"line":225,"column":39},"end":{"line":225,"column":41}},"97":{"start":{"line":226,"column":4},"end":{"line":229,"column":5}},"98":{"start":{"line":227,"column":28},"end":{"line":227,"column":64}},"99":{"start":{"line":228,"column":6},"end":{"line":228,"column":42}},"100":{"start":{"line":231,"column":4},"end":{"line":231,"column":27}}},"fnMap":{"0":{"name":"(anonymous_0)","decl":{"start":{"line":6,"column":10},"end":{"line":6,"column":11}},"loc":{"start":{"line":6,"column":42},"end":{"line":10,"column":3}},"line":6},"1":{"name":"(anonymous_1)","decl":{"start":{"line":13,"column":15},"end":{"line":13,"column":16}},"loc":{"start":{"line":13,"column":55},"end":{"line":17,"column":3}},"line":13},"2":{"name":"(anonymous_2)","decl":{"start":{"line":20,"column":21},"end":{"line":20,"column":22}},"loc":{"start":{"line":20,"column":71},"end":{"line":24,"column":3}},"line":20},"3":{"name":"(anonymous_3)","decl":{"start":{"line":27,"column":21},"end":{"line":27,"column":22}},"loc":{"start":{"line":27,"column":108},"end":{"line":31,"column":3}},"line":27},"4":{"name":"(anonymous_4)","decl":{"start":{"line":34,"column":30},"end":{"line":34,"column":31}},"loc":{"start":{"line":34,"column":80},"end":{"line":38,"column":3}},"line":34},"5":{"name":"(anonymous_5)","decl":{"start":{"line":41,"column":35},"end":{"line":41,"column":36}},"loc":{"start":{"line":41,"column":85},"end":{"line":45,"column":3}},"line":41},"6":{"name":"(anonymous_6)","decl":{"start":{"line":48,"column":24},"end":{"line":48,"column":25}},"loc":{"start":{"line":48,"column":56},"end":{"line":60,"column":3}},"line":48},"7":{"name":"(anonymous_7)","decl":{"start":{"line":56,"column":32},"end":{"line":56,"column":33}},"loc":{"start":{"line":56,"column":43},"end":{"line":59,"column":5}},"line":56},"8":{"name":"(anonymous_8)","decl":{"start":{"line":63,"column":18},"end":{"line":63,"column":19}},"loc":{"start":{"line":63,"column":50},"end":{"line":79,"column":3}},"line":63},"9":{"name":"(anonymous_9)","decl":{"start":{"line":69,"column":50},"end":{"line":69,"column":51}},"loc":{"start":{"line":69,"column":61},"end":{"line":72,"column":5}},"line":69},"10":{"name":"(anonymous_10)","decl":{"start":{"line":75,"column":32},"end":{"line":75,"column":33}},"loc":{"start":{"line":75,"column":44},"end":{"line":78,"column":5}},"line":75},"11":{"name":"(anonymous_11)","decl":{"start":{"line":82,"column":25},"end":{"line":82,"column":26}},"loc":{"start":{"line":82,"column":57},"end":{"line":95,"column":3}},"line":82},"12":{"name":"(anonymous_12)","decl":{"start":{"line":91,"column":32},"end":{"line":91,"column":33}},"loc":{"start":{"line":91,"column":43},"end":{"line":94,"column":5}},"line":91},"13":{"name":"(anonymous_13)","decl":{"start":{"line":98,"column":9},"end":{"line":98,"column":10}},"loc":{"start":{"line":98,"column":68},"end":{"line":102,"column":3}},"line":98},"14":{"name":"(anonymous_14)","decl":{"start":{"line":105,"column":13},"end":{"line":105,"column":14}},"loc":{"start":{"line":105,"column":80},"end":{"line":109,"column":3}},"line":105},"15":{"name":"(anonymous_15)","decl":{"start":{"line":112,"column":9},"end":{"line":112,"column":10}},"loc":{"start":{"line":112,"column":86},"end":{"line":116,"column":3}},"line":112},"16":{"name":"(anonymous_16)","decl":{"start":{"line":119,"column":12},"end":{"line":119,"column":13}},"loc":{"start":{"line":119,"column":52},"end":{"line":125,"column":3}},"line":119},"17":{"name":"(anonymous_17)","decl":{"start":{"line":128,"column":11},"end":{"line":128,"column":12}},"loc":{"start":{"line":128,"column":48},"end":{"line":131,"column":3}},"line":128},"18":{"name":"(anonymous_18)","decl":{"start":{"line":134,"column":20},"end":{"line":134,"column":21}},"loc":{"start":{"line":134,"column":76},"end":{"line":146,"column":3}},"line":134},"19":{"name":"(anonymous_19)","decl":{"start":{"line":138,"column":36},"end":{"line":138,"column":37}},"loc":{"start":{"line":138,"column":54},"end":{"line":142,"column":5}},"line":138},"20":{"name":"(anonymous_20)","decl":{"start":{"line":149,"column":29},"end":{"line":149,"column":30}},"loc":{"start":{"line":149,"column":59},"end":{"line":179,"column":3}},"line":149},"21":{"name":"(anonymous_21)","decl":{"start":{"line":152,"column":34},"end":{"line":152,"column":35}},"loc":{"start":{"line":152,"column":39},"end":{"line":152,"column":60}},"line":152},"22":{"name":"(anonymous_22)","decl":{"start":{"line":153,"column":38},"end":{"line":153,"column":39}},"loc":{"start":{"line":153,"column":43},"end":{"line":153,"column":68}},"line":153},"23":{"name":"(anonymous_23)","decl":{"start":{"line":154,"column":37},"end":{"line":154,"column":38}},"loc":{"start":{"line":154,"column":42},"end":{"line":158,"column":5}},"line":154},"24":{"name":"(anonymous_24)","decl":{"start":{"line":161,"column":14},"end":{"line":161,"column":15}},"loc":{"start":{"line":161,"column":19},"end":{"line":161,"column":40}},"line":161},"25":{"name":"(anonymous_25)","decl":{"start":{"line":162,"column":14},"end":{"line":162,"column":15}},"loc":{"start":{"line":162,"column":26},"end":{"line":162,"column":50}},"line":162},"26":{"name":"(anonymous_26)","decl":{"start":{"line":165,"column":14},"end":{"line":165,"column":15}},"loc":{"start":{"line":165,"column":19},"end":{"line":165,"column":44}},"line":165},"27":{"name":"(anonymous_27)","decl":{"start":{"line":166,"column":14},"end":{"line":166,"column":15}},"loc":{"start":{"line":166,"column":26},"end":{"line":166,"column":46}},"line":166},"28":{"name":"(anonymous_28)","decl":{"start":{"line":173,"column":34},"end":{"line":173,"column":35}},"loc":{"start":{"line":173,"column":39},"end":{"line":173,"column":65}},"line":173},"29":{"name":"(anonymous_29)","decl":{"start":{"line":182,"column":17},"end":{"line":182,"column":18}},"loc":{"start":{"line":182,"column":167},"end":{"line":232,"column":3}},"line":182}},"branchMap":{"0":{"loc":{"start":{"line":58,"column":13},"end":{"line":58,"column":67}},"type":"binary-expr","locations":[{"start":{"line":58,"column":13},"end":{"line":58,"column":35}},{"start":{"line":58,"column":39},"end":{"line":58,"column":67}}],"line":58},"1":{"loc":{"start":{"line":93,"column":13},"end":{"line":93,"column":79}},"type":"binary-expr","locations":[{"start":{"line":93,"column":13},"end":{"line":93,"column":45}},{"start":{"line":93,"column":49},"end":{"line":93,"column":79}}],"line":93},"2":{"loc":{"start":{"line":139,"column":6},"end":{"line":141,"column":7}},"type":"if","locations":[{"start":{"line":139,"column":6},"end":{"line":141,"column":7}},{"start":{},"end":{}}],"line":139},"3":{"loc":{"start":{"line":139,"column":10},"end":{"line":139,"column":47}},"type":"binary-expr","locations":[{"start":{"line":139,"column":10},"end":{"line":139,"column":29}},{"start":{"line":139,"column":33},"end":{"line":139,"column":47}}],"line":139},"4":{"loc":{"start":{"line":157,"column":13},"end":{"line":157,"column":63}},"type":"binary-expr","locations":[{"start":{"line":157,"column":13},"end":{"line":157,"column":38}},{"start":{"line":157,"column":42},"end":{"line":157,"column":63}}],"line":157},"5":{"loc":{"start":{"line":162,"column":33},"end":{"line":162,"column":49}},"type":"binary-expr","locations":[{"start":{"line":162,"column":33},"end":{"line":162,"column":44}},{"start":{"line":162,"column":48},"end":{"line":162,"column":49}}],"line":162},"6":{"loc":{"start":{"line":174,"column":22},"end":{"line":174,"column":79}},"type":"cond-expr","locations":[{"start":{"line":174,"column":44},"end":{"line":174,"column":75}},{"start":{"line":174,"column":78},"end":{"line":174,"column":79}}],"line":174},"7":{"loc":{"start":{"line":177,"column":18},"end":{"line":177,"column":86}},"type":"cond-expr","locations":[{"start":{"line":177,"column":40},"end":{"line":177,"column":82}},{"start":{"line":177,"column":85},"end":{"line":177,"column":86}}],"line":177},"8":{"loc":{"start":{"line":192,"column":6},"end":{"line":203,"column":7}},"type":"if","locations":[{"start":{"line":192,"column":6},"end":{"line":203,"column":7}},{"start":{"line":197,"column":13},"end":{"line":203,"column":7}}],"line":192}},"s":{"0":2,"1":1,"2":1,"3":1,"4":1,"5":1,"6":1,"7":1,"8":1,"9":1,"10":1,"11":1,"12":1,"13":1,"14":1,"15":1,"16":1,"17":1,"18":1,"19":1,"20":1,"21":1,"22":1,"23":1,"24":4,"25":4,"26":1,"27":1,"28":1,"29":1,"30":3,"31":3,"32":1,"33":1,"34":1,"35":1,"36":1,"37":1,"38":1,"39":1,"40":4,"41":4,"42":1,"43":1,"44":1,"45":1,"46":1,"47":1,"48":1,"49":1,"50":1,"51":1,"52":1,"53":1,"54":1,"55":1,"56":1,"57":1,"58":1,"59":2,"60":2,"61":1,"62":1,"63":1,"64":1,"65":3,"66":1,"67":3,"68":1,"69":3,"70":3,"71":3,"72":1,"73":3,"74":1,"75":1,"76":3,"77":2,"78":1,"79":3,"80":3,"81":3,"82":3,"83":3,"84":3,"85":36,"86":12,"87":12,"88":12,"89":24,"90":24,"91":24,"92":36,"93":36,"94":36,"95":36,"96":3,"97":3,"98":25,"99":24,"100":2},"f":{"0":1,"1":1,"2":1,"3":1,"4":1,"5":1,"6":1,"7":4,"8":1,"9":3,"10":1,"11":1,"12":4,"13":1,"14":1,"15":1,"16":1,"17":1,"18":1,"19":2,"20":1,"21":3,"22":3,"23":3,"24":3,"25":1,"26":3,"27":2,"28":3,"29":3},"b":{"0":[4,3],"1":[4,3],"2":[2,0],"3":[2,2],"4":[3,2],"5":[1,0],"6":[1,0],"7":[1,0],"8":[12,24]},"_coverageSchema":"1a1c01bbd47fc00a2c39e90264f33305004495a9","hash":"6876c163bc6fc67dab19227846e0f814fb4c65cc"}
,"/home/Gab/Documentos/GitHub/caixa-app/services/produtosService.ts": {"path":"/home/Gab/Documentos/GitHub/caixa-app/services/produtosService.ts","statementMap":{"0":{"start":{"line":5,"column":31},"end":{"line":46,"column":1}},"1":{"start":{"line":8,"column":16},"end":{"line":8,"column":38}},"2":{"start":{"line":9,"column":21},"end":{"line":9,"column":58}},"3":{"start":{"line":10,"column":4},"end":{"line":10,"column":25}},"4":{"start":{"line":15,"column":16},"end":{"line":15,"column":38}},"5":{"start":{"line":16,"column":21},"end":{"line":16,"column":62}},"6":{"start":{"line":17,"column":4},"end":{"line":17,"column":25}},"7":{"start":{"line":22,"column":16},"end":{"line":22,"column":38}},"8":{"start":{"line":23,"column":21},"end":{"line":23,"column":81}},"9":{"start":{"line":24,"column":4},"end":{"line":24,"column":25}},"10":{"start":{"line":29,"column":16},"end":{"line":29,"column":38}},"11":{"start":{"line":30,"column":21},"end":{"line":30,"column":66}},"12":{"start":{"line":31,"column":4},"end":{"line":31,"column":25}},"13":{"start":{"line":36,"column":16},"end":{"line":36,"column":38}},"14":{"start":{"line":37,"column":21},"end":{"line":37,"column":71}},"15":{"start":{"line":38,"column":4},"end":{"line":38,"column":25}},"16":{"start":{"line":43,"column":16},"end":{"line":43,"column":38}},"17":{"start":{"line":44,"column":4},"end":{"line":44,"column":40}}},"fnMap":{"0":{"name":"(anonymous_0)","decl":{"start":{"line":7,"column":10},"end":{"line":7,"column":11}},"loc":{"start":{"line":7,"column":42},"end":{"line":11,"column":3}},"line":7},"1":{"name":"(anonymous_1)","decl":{"start":{"line":14,"column":15},"end":{"line":14,"column":16}},"loc":{"start":{"line":14,"column":55},"end":{"line":18,"column":3}},"line":14},"2":{"name":"(anonymous_2)","decl":{"start":{"line":21,"column":23},"end":{"line":21,"column":24}},"loc":{"start":{"line":21,"column":86},"end":{"line":25,"column":3}},"line":21},"3":{"name":"(anonymous_3)","decl":{"start":{"line":28,"column":9},"end":{"line":28,"column":10}},"loc":{"start":{"line":28,"column":67},"end":{"line":32,"column":3}},"line":28},"4":{"name":"(anonymous_4)","decl":{"start":{"line":35,"column":13},"end":{"line":35,"column":14}},"loc":{"start":{"line":35,"column":80},"end":{"line":39,"column":3}},"line":35},"5":{"name":"(anonymous_5)","decl":{"start":{"line":42,"column":11},"end":{"line":42,"column":12}},"loc":{"start":{"line":42,"column":48},"end":{"line":45,"column":3}},"line":42}},"branchMap":{},"s":{"0":2,"1":3,"2":3,"3":2,"4":1,"5":1,"6":1,"7":1,"8":1,"9":1,"10":1,"11":1,"12":1,"13":1,"14":1,"15":1,"16":1,"17":1},"f":{"0":3,"1":1,"2":1,"3":1,"4":1,"5":1},"b":{},"_coverageSchema":"1a1c01bbd47fc00a2c39e90264f33305004495a9","hash":"ef69ba22226db7e51cd563eb2b3b1fb78becaffa"}
[...]
mn":8},"end":{"line":67,"column":20}},"26":{"start":{"line":70,"column":21},"end":{"line":70,"column":69}},"27":{"start":{"line":71,"column":4},"end":{"line":71,"column":68}},"28":{"start":{"line":73,"column":4},"end":{"line":73,"column":20}},"29":{"start":{"line":77,"column":37},"end":{"line":89,"column":1}},"30":{"start":{"line":81,"column":27},"end":{"line":81,"column":74}},"31":{"start":{"line":82,"column":28},"end":{"line":82,"column":76}},"32":{"start":{"line":83,"column":4},"end":{"line":83,"column":86}},"33":{"start":{"line":85,"column":4},"end":{"line":88,"column":6}},"34":{"start":{"line":92,"column":36},"end":{"line":112,"column":1}},"35":{"start":{"line":93,"column":28},"end":{"line":93,"column":30}},"36":{"start":{"line":95,"column":4},"end":{"line":97,"column":5}},"37":{"start":{"line":96,"column":8},"end":{"line":96,"column":63}},"38":{"start":{"line":99,"column":4},"end":{"line":101,"column":5}},"39":{"start":{"line":100,"column":8},"end":{"line":100,"column":63}},"40":{"start":{"line":103,"column":4},"end":{"line":105,"column":5}},"41":{"start":{"line":104,"column":8},"end":{"line":104,"column":58}},"42":{"start":{"line":107,"column":4},"end":{"line":109,"column":5}},"43":{"start":{"line":108,"column":8},"end":{"line":108,"column":78}},"44":{"start":{"line":111,"column":4},"end":{"line":111,"column":17}},"45":{"start":{"line":115,"column":33},"end":{"line":120,"column":2}},"46":{"start":{"line":115,"column":80},"end":{"line":120,"column":1}}},"fnMap":{"0":{"name":"(anonymous_0)","decl":{"start":{"line":4,"column":31},"end":{"line":4,"column":32}},"loc":{"start":{"line":4,"column":64},"end":{"line":6,"column":1}},"line":4},"1":{"name":"(anonymous_1)","decl":{"start":{"line":8,"column":29},"end":{"line":8,"column":30}},"loc":{"start":{"line":8,"column":62},"end":{"line":10,"column":1}},"line":8},"2":{"name":"(anonymous_2)","decl":{"start":{"line":12,"column":31},"end":{"line":12,"column":32}},"loc":{"start":{"line":12,"column":64},"end":{"line":14,"column":1}},"line":12},"3":{"name":"(anonymous_3)","decl":{"start":{"line":17,"column":43},"end":{"line":17,"column":44}},"loc":{"start":{"line":17,"column":75},"end":{"line":20,"column":1}},"line":17},"4":{"name":"(anonymous_4)","decl":{"start":{"line":23,"column":34},"end":{"line":23,"column":35}},"loc":{"start":{"line":23,"column":84},"end":{"line":30,"column":1}},"line":23},"5":{"name":"(anonymous_5)","decl":{"start":{"line":25,"column":25},"end":{"line":25,"column":26}},"loc":{"start":{"line":26,"column":8},"end":{"line":28,"column":47}},"line":26},"6":{"name":"(anonymous_6)","decl":{"start":{"line":33,"column":36},"end":{"line":33,"column":37}},"loc":{"start":{"line":33,"column":61},"end":{"line":46,"column":1}},"line":33},"7":{"name":"(anonymous_7)","decl":{"start":{"line":49,"column":36},"end":{"line":49,"column":37}},"loc":{"start":{"line":49,"column":89},"end":{"line":57,"column":1}},"line":49},"8":{"name":"(anonymous_8)","decl":{"start":{"line":60,"column":32},"end":{"line":60,"column":33}},"loc":{"start":{"line":60,"column":65},"end":{"line":62,"column":1}},"line":60},"9":{"name":"(anonymous_9)","decl":{"start":{"line":65,"column":38},"end":{"line":65,"column":39}},"loc":{"start":{"line":65,"column":75},"end":{"line":74,"column":1}},"line":65},"10":{"name":"(anonymous_10)","decl":{"start":{"line":77,"column":37},"end":{"line":77,"column":38}},"loc":{"start":{"line":80,"column":5},"end":{"line":89,"column":1}},"line":80},"11":{"name":"(anonymous_11)","decl":{"start":{"line":92,"column":36},"end":{"line":92,"column":37}},"loc":{"start":{"line":92,"column":76},"end":{"line":112,"column":1}},"line":92},"12":{"name":"(anonymous_12)","decl":{"start":{"line":115,"column":33},"end":{"line":115,"column":34}},"loc":{"start":{"line":115,"column":80},"end":{"line":120,"column":1}},"line":115}},"branchMap":{"0":{"loc":{"start":{"line":18,"column":4},"end":{"line":18,"column":47}},"type":"if","locations":[{"start":{"line":18,"column":4},"end":{"line":18,"column":47}},{"start":{},"end":{}}],"line":18},"1":{"loc":{"start":{"line":26,"column":8},"end":{"line":28,"column":47}},"type":"binary-expr","locations":[{"start":{"line":26,"column":8},"end":{"line":26,"column":42}},{"start":{"line":27,"column":8},"end":{"line":27,"column":39}},{"start":{"line":28,"column":8},"end":{"line":28,"column":47}}],"line":26},"2":{"loc":{"start":{"line":34,"column":12},"end":{"line":34,"column":63}},"type":"binary-expr","locations":[{"start":{"line":34,"column":12},"end":{"line":34,"column":38}},{"start":{"line":34,"column":42},"end":{"line":34,"column":63}}],"line":34},"3":{"loc":{"start":{"line":50,"column":4},"end":{"line":52,"column":5}},"type":"if","locations":[{"start":{"line":50,"column":4},"end":{"line":52,"column":5}},{"start":{},"end":{}}],"line":50},"4":{"loc":{"start":{"line":50,"column":8},"end":{"line":50,"column":65}},"type":"binary-expr","locations":[{"start":{"line":50,"column":8},"end":{"line":50,"column":21}},{"start":{"line":50,"column":25},"end":{"line":50,"column":65}}],"line":50},"5":{"loc":{"start":{"line":61,"column":11},"end":{"line":61,"column":102}},"type":"binary-expr","locations":[{"start":{"line":61,"column":11},"end":{"line":61,"column":51}},{"start":{"line":61,"column":55},"end":{"line":61,"column":102}}],"line":61},"6":{"loc":{"start":{"line":66,"column":4},"end":{"line":68,"column":5}},"type":"if","locations":[{"start":{"line":66,"column":4},"end":{"line":68,"column":5}},{"start":{},"end":{}}],"line":66},"7":{"loc":{"start":{"line":95,"column":4},"end":{"line":97,"column":5}},"type":"if","locations":[{"start":{"line":95,"column":4},"end":{"line":97,"column":5}},{"start":{},"end":{}}],"line":95},"8":{"loc":{"start":{"line":95,"column":8},"end":{"line":95,"column":73}},"type":"binary-expr","locations":[{"start":{"line":95,"column":8},"end":{"line":95,"column":43}},{"start":{"line":95,"column":47},"end":{"line":95,"column":73}}],"line":95},"9":{"loc":{"start":{"line":99,"column":4},"end":{"line":101,"column":5}},"type":"if","locations":[{"start":{"line":99,"column":4},"end":{"line":101,"column":5}},{"start":{},"end":{}}],"line":99},"10":{"loc":{"start":{"line":99,"column":8},"end":{"line":99,"column":59}},"type":"binary-expr","locations":[{"start":{"line":99,"column":8},"end":{"line":99,"column":29}},{"start":{"line":99,"column":33},"end":{"line":99,"column":59}}],"line":99},"11":{"loc":{"start":{"line":103,"column":4},"end":{"line":105,"column":5}},"type":"if","locations":[{"start":{"line":103,"column":4},"end":{"line":105,"column":5}},{"start":{},"end":{}}],"line":103},"12":{"loc":{"start":{"line":103,"column":8},"end":{"line":103,"column":58}},"type":"binary-expr","locations":[{"start":{"line":103,"column":8},"end":{"line":103,"column":29}},{"start":{"line":103,"column":33},"end":{"line":103,"column":58}}],"line":103},"13":{"loc":{"start":{"line":107,"column":4},"end":{"line":109,"column":5}},"type":"if","locations":[{"start":{"line":107,"column":4},"end":{"line":109,"column":5}},{"start":{},"end":{}}],"line":107},"14":{"loc":{"start":{"line":107,"column":8},"end":{"line":107,"column":95}},"type":"binary-expr","locations":[{"start":{"line":107,"column":8},"end":{"line":107,"column":27}},{"start":{"line":107,"column":31},"end":{"line":107,"column":50}},{"start":{"line":107,"column":54},"end":{"line":107,"column":95}}],"line":107}},"s":{"0":1,"1":2,"2":1,"3":2,"4":1,"5":2,"6":1,"7":6,"8":1,"9":5,"10":1,"11":0,"12":0,"13":0,"14":1,"15":2,"16":1,"17":0,"18":0,"19":0,"20":0,"21":1,"22":3,"23":1,"24":0,"25":0,"26":0,"27":0,"28":0,"29":1,"30":0,"31":0,"32":0,"33":0,"34":1,"35":6,"36":6,"37":2,"38":6,"39":2,"40":6,"41":2,"42":6,"43":1,"44":6,"45":1,"46":0},"f":{"0":2,"1":2,"2":2,"3":6,"4":0,"5":0,"6":2,"7":0,"8":3,"9":0,"10":0,"11":6,"12":0},"b":{"0":[1,5],"1":[0,0,0],"2":[2,1],"3":[0,0],"4":[0,0],"5":[3,2],"6":[0,0],"7":[2,4],"8":[6,3],"9":[2,4],"10":[6,3],"11":[2,4],"12":[6,3],"13":[1,5],"14":[6,1,1]},"_coverageSchema":"1a1c01bbd47fc00a2c39e90264f33305004495a9","hash":"4ac20eaf50bd7cbe005bc5e384718cbf8bccd3f3"}
,"/home/Gab/Documentos/GitHub/caixa-app/utils/financeUtils.ts": {"path":"/home/Gab/Documentos/GitHub/caixa-app/utils/financeUtils.ts","statementMap":{"0":{"start":{"line":6,"column":33},"end":{"line":27,"column":1}},"1":{"start":{"line":8,"column":2},"end":{"line":15,"column":3}},"2":{"start":{"line":9,"column":25},"end":{"line":9,"column":38}},"3":{"start":{"line":10,"column":4},"end":{"line":14,"column":6}},"4":{"start":{"line":17,"column":29},"end":{"line":17,"column":49}},"5":{"start":{"line":18,"column":31},"end":{"line":19,"column":59}},"6":{"start":{"line":20,"column":29},"end":{"line":20,"column":49}},"7":{"start":{"line":22,"column":2},"end":{"line":26,"column":4}},"8":{"start":{"line":30,"column":38},"end":{"line":53,"column":1}},"9":{"start":{"line":31,"column":29},"end":{"line":31,"column":49}},"10":{"start":{"line":32,"column":31},"end":{"line":33,"column":59}},"11":{"start":{"line":35,"column":39},"end":{"line":35,"column":41}},"12":{"start":{"line":36,"column":29},"end":{"line":36,"column":34}},"13":{"start":{"line":38,"column":2},"end":{"line":50,"column":3}},"14":{"start":{"line":38,"column":17},"end":{"line":38,"column":18}},"15":{"start":{"line":39,"column":26},"end":{"line":39,"column":51}},"16":{"start":{"line":40,"column":32},"end":{"line":40,"column":52}},"17":{"start":{"line":41,"column":4},"end":{"line":41,"column":46}},"18":{"start":{"line":43,"column":4},"end":{"line":49,"column":7}},"19":{"start":{"line":52,"column":2},"end":{"line":52,"column":16}},"20":{"start":{"line":56,"column":33},"end":{"line":79,"column":1}},"21":{"start":{"line":57,"column":26},"end":{"line":57,"column":28}},"22":{"start":{"line":59,"column":2},"end":{"line":61,"column":3}},"23":{"start":{"line":60,"column":4},"end":{"line":60,"column":82}},"24":{"start":{"line":63,"column":2},"end":{"line":65,"column":3}},"25":{"start":{"line":64,"column":4},"end":{"line":64,"column":82}},"26":{"start":{"line":67,"column":2},"end":{"line":69,"column":3}},"27":{"start":{"line":68,"column":4},"end":{"line":68,"column":61}},"28":{"start":{"line":71,"column":2},"end":{"line":73,"column":3}},"29":{"start":{"line":72,"column":4},"end":{"line":72,"column":61}},"30":{"start":{"line":75,"column":2},"end":{"line":78,"column":4}}},"fnMap":{"0":{"name":"(anonymous_0)","decl":{"start":{"line":6,"column":33},"end":{"line":6,"column":34}},"loc":{"start":{"line":6,"column":106},"end":{"line":27,"column":1}},"line":6},"1":{"name":"(anonymous_1)","decl":{"start":{"line":30,"column":38},"end":{"line":30,"column":39}},"loc":{"start":{"line":30,"column":113},"end":{"line":53,"column":1}},"line":30},"2":{"name":"(anonymous_2)","decl":{"start":{"line":56,"column":33},"end":{"line":56,"column":34}},"loc":{"start":{"line":56,"column":106},"end":{"line":79,"column":1}},"line":56}},"branchMap":{"0":{"loc":{"start":{"line":8,"column":2},"end":{"line":15,"column":3}},"type":"if","locations":[{"start":{"line":8,"column":2},"end":{"line":15,"column":3}},{"start":{},"end":{}}],"line":8},"1":{"loc":{"start":{"line":59,"column":2},"end":{"line":61,"column":3}},"type":"if","locations":[{"start":{"line":59,"column":2},"end":{"line":61,"column":3}},{"start":{},"end":{}}],"line":59},"2":{"loc":{"start":{"line":63,"column":2},"end":{"line":65,"column":3}},"type":"if","locations":[{"start":{"line":63,"column":2},"end":{"line":65,"column":3}},{"start":{},"end":{}}],"line":63},"3":{"loc":{"start":{"line":67,"column":2},"end":{"line":69,"column":3}},"type":"if","locations":[{"start":{"line":67,"column":2},"end":{"line":69,"column":3}},{"start":{},"end":{}}],"line":67},"4":{"loc":{"start":{"line":71,"column":2},"end":{"line":73,"column":3}},"type":"if","locations":[{"start":{"line":71,"column":2},"end":{"line":73,"column":3}},{"start":{},"end":{}}],"line":71}},"s":{"0":2,"1":3,"2":1,"3":1,"4":2,"5":2,"6":2,"7":2,"8":2,"9":2,"10":2,"11":2,"12":2,"13":2,"14":2,"15":13,"16":13,"17":13,"18":13,"19":2,"20":2,"21":6,"22":6,"23":2,"24":6,"25":1,"26":6,"27":2,"28":6,"29":1,"30":6},"f":{"0":3,"1":2,"2":6},"b":{"0":[1,2],"1":[2,4],"2":[1,5],"3":[2,4],"4":[1,5]},"_coverageSchema":"1a1c01bbd47fc00a2c39e90264f33305004495a9","hash":"a3393162ea113e96ce030dff8b53831478ab177d"}
,"/home/Gab/Documentos/GitHub/caixa-app/utils/formatters.ts": {"path":"/home/Gab/Documentos/GitHub/caixa-app/utils/formatters.ts","statementMap":{"0":{"start":{"line":2,"column":29},"end":{"line":7,"column":1}},"1":{"start":{"line":3,"column":2},"end":{"line":6,"column":5}},"2":{"start":{"line":10,"column":35},"end":{"line":12,"column":1}},"3":{"start":{"line":11,"column":2},"end":{"line":11,"column":39}},"4":{"start":{"line":15,"column":37},"end":{"line":31,"column":1}},"5":{"start":{"line":16,"column":2},"end":{"line":30,"column":3}},"6":{"start":{"line":17,"column":17},"end":{"line":17,"column":27}},"7":{"start":{"line":18,"column":24},"end":{"line":18,"column":49}},"8":{"start":{"line":21,"column":4},"end":{"line":23,"column":5}},"9":{"start":{"line":22,"column":6},"end":{"line":22,"column":15}},"10":{"start":{"line":25,"column":21},"end":{"line":25,"column":69}},"11":{"start":{"line":26,"column":21},"end":{"line":26,"column":64}},"12":{"start":{"line":27,"column":4},"end":{"line":27,"column":37}},"13":{"start":{"line":29,"column":4},"end":{"line":29,"column":13}}},"fnMap":{"0":{"name":"(anonymous_0)","decl":{"start":{"line":2,"column":29},"end":{"line":2,"column":30}},"loc":{"start":{"line":2,"column":56},"end":{"line":7,"column":1}},"line":2},"1":{"name":"(anonymous_1)","decl":{"start":{"line":10,"column":35},"end":{"line":10,"column":36}},"loc":{"start":{"line":10,"column":84},"end":{"line":12,"column":1}},"line":10},"2":{"name":"(anonymous_2)","decl":{"start":{"line":15,"column":37},"end":{"line":15,"column":38}},"loc":{"start":{"line":15,"column":74},"end":{"line":31,"column":1}},"line":15}},"branchMap":{"0":{"loc":{"start":{"line":10,"column":51},"end":{"line":10,"column":71}},"type":"default-arg","locations":[{"start":{"line":10,"column":70},"end":{"line":10,"column":71}}],"line":10},"1":{"loc":{"start":{"line":21,"column":4},"end":{"line":23,"column":5}},"type":"if","locations":[{"start":{"line":21,"column":4},"end":{"line":23,"column":5}},{"start":{},"end":{}}],"line":21},"2":{"loc":{"start":{"line":21,"column":8},"end":{"line":21,"column":58}},"type":"binary-expr","locations":[{"start":{"line":21,"column":8},"end":{"line":21,"column":36}},{"start":{"line":21,"column":40},"end":{"line":21,"column":58}}],"line":21}},"s":{"0":6,"1":27,"2":6,"3":8,"4":6,"5":5,"6":5,"7":5,"8":5,"9":2,"10":3,"11":3,"12":3,"13":0},"f":{"0":27,"1":8,"2":5},"b":{"0":[5],"1":[2,3],"2":[5,4]},"_coverageSchema":"1a1c01bbd47fc00a2c39e90264f33305004495a9","hash":"7b2f54f0cc837baf4dfce662df58b73221402e40"}
,"/home/Gab/Documentos/GitHub/caixa-app/utils/validators.ts": {"path":"/home/Gab/Documentos/GitHub/caixa-app/utils/validators.ts","statementMap":{"0":{"start":{"line":4,"column":28},"end":{"line":7,"column":1}},"1":{"start":{"line":5,"column":21},"end":{"line":5,"column":49}},"2":{"start":{"line":6,"column":2},"end":{"line":6,"column":32}},"3":{"start":{"line":9,"column":31},"end":{"line":17,"column":1}},"4":{"start":{"line":11,"column":22},"end":{"line":11,"column":49}},"5":{"start":{"line":14,"column":24},"end":{"line":14,"column":54}},"6":{"start":{"line":16,"column":2},"end":{"line":16,"column":66}},"7":{"start":{"line":19,"column":26},"end":{"line":49,"column":1}},"8":{"start":{"line":21,"column":19},"end":{"line":21,"column":41}},"9":{"start":{"line":22,"column":2},"end":{"line":22,"column":43}},"10":{"start":{"line":22,"column":30},"end":{"line":22,"column":43}},"11":{"start":{"line":25,"column":2},"end":{"line":25,"column":50}},"12":{"start":{"line":25,"column":37},"end":{"line":25,"column":50}},"13":{"start":{"line":28,"column":13},"end":{"line":28,"column":14}},"14":{"start":{"line":31,"column":2},"end":{"line":33,"column":3}},"15":{"start":{"line":31,"column":15},"end":{"line":31,"column":16}},"16":{"start":{"line":32,"column":4},"end":{"line":32,"column":60}},"17":{"start":{"line":35,"column":2},"end":{"line":35,"column":27}},"18":{"start":{"line":36,"column":2},"end":{"line":36,"column":46}},"19":{"start":{"line":36,"column":36},"end":{"line":36,"column":46}},"20":{"start":{"line":37,"column":2},"end":{"line":37,"column":66}},"21":{"start":{"line":37,"column":53},"end":{"line":37,"column":66}},"22":{"start":{"line":39,"column":2},"end":{"line":39,"column":11}},"23":{"start":{"line":40,"column":2},"end":{"line":42,"column":3}},"24":{"start":{"line":40,"column":15},"end":{"line":40,"column":16}},"25":{"start":{"line":41,"column":4},"end":{"line":41,"column":60}},"26":{"start":{"line":44,"column":2},"end":{"line":44,"column":27}},"27":{"start":{"line":45,"column":2},"end":{"line":45,"column":46}},"28":{"start":{"line":45,"column":36},"end":{"line":45,"column":46}},"29":{"start":{"line":46,"column":2},"end":{"line":46,"column":67}},"30":{"start":{"line":46,"column":54},"end":{"line":46,"column":67}},"31":{"start":{"line":48,"column":2},"end":{"line":48,"column":14}}},"fnMap":{"0":{"name":"(anonymous_0)","decl":{"start":{"line":4,"column":28},"end":{"line":4,"column":29}},"loc":{"start":{"line":4,"column":56},"end":{"line":7,"column":1}},"line":4},"1":{"name":"(anonymous_1)","decl":{"start":{"line":9,"column":31},"end":{"line":9,"column":32}},"loc":{"start":{"line":9,"column":62},"end":{"line":17,"column":1}},"line":9},"2":{"name":"(anonymous_2)","decl":{"start":{"line":19,"column":26},"end":{"line":19,"column":27}},"loc":{"start":{"line":19,"column":52},"end":{"line":49,"column":1}},"line":19}},"branchMap":{"0":{"loc":{"start":{"line":16,"column":9},"end":{"line":16,"column":65}},"type":"binary-expr","locations":[{"start":{"line":16,"column":9},"end":{"line":16,"column":35}},{"start":{"line":16,"column":39},"end":{"line":16,"column":65}}],"line":16},"1":{"loc":{"start":{"line":22,"column":2},"end":{"line":22,"column":43}},"type":"if","locations":[{"start":{"line":22,"column":2},"end":{"line":22,"column":43}},{"start":{},"end":{}}],"line":22},"2":{"loc":{"start":{"line":25,"column":2},"end":{"line":25,"column":50}},"type":"if","locations":[{"start":{"line":25,"column":2},"end":{"line":25,"column":50}},{"start":{},"end":{}}],"line":25},"3":{"loc":{"start":{"line":36,"column":2},"end":{"line":36,"column":46}},"type":"if","locations":[{"start":{"line":36,"column":2},"end":{"line":36,"column":46}},{"start":{},"end":{}}],"line":36},"4":{"loc":{"start":{"line":36,"column":6},"end":{"line":36,"column":34}},"type":"binary-expr","locations":[{"start":{"line":36,"column":6},"end":{"line":36,"column":18}},{"start":{"line":36,"column":22},"end":{"line":36,"column":34}}],"line":36},"5":{"loc":{"start":{"line":37,"column":2},"end":{"line":37,"column":66}},"type":"if","locations":[{"start":{"line":37,"column":2},"end":{"line":37,"column":66}},{"start":{},"end":{}}],"line":37},"6":{"loc":{"start":{"line":45,"column":2},"end":{"line":45,"column":46}},"type":"if","locations":[{"start":{"line":45,"column":2},"end":{"line":45,"column":46}},{"start":{},"end":{}}],"line":45},"7":{"loc":{"start":{"line":45,"column":6},"end":{"line":45,"column":34}},"type":"binary-expr","locations":[{"start":{"line":45,"column":6},"end":{"line":45,"column":18}},{"start":{"line":45,"column":22},"end":{"line":45,"column":34}}],"line":45},"8":{"loc":{"start":{"line":46,"column":2},"end":{"line":46,"column":67}},"type":"if","locations":[{"start":{"line":46,"column":2},"end":{"line":46,"column":67}},{"start":{},"end":{}}],"line":46}},"s":{"0":1,"1":13,"2":13,"3":1,"4":14,"5":14,"6":14,"7":1,"8":15,"9":15,"10":4,"11":11,"12":3,"13":8,"14":8,"15":8,"16":72,"17":8,"18":8,"19":4,"20":8,"21":0,"22":8,"23":8,"24":8,"25":80,"26":8,"27":8,"28":0,"29":8,"30":1,"31":7},"f":{"0":13,"1":14,"2":15},"b":{"0":[14,10],"1":[4,11],"2":[3,8],"3":[4,4],"4":[8,4],"5":[0,8],"6":[0,8],"7":[8,8],"8":[1,7]},"_coverageSchema":"1a1c01bbd47fc00a2c39e90264f33305004495a9","hash":"e361db0c470ad1d884689d4eb69a5e0c454c802d"}
}
