TN:
SF:config.ts
FNF:0
FNH:0
DA:2,6
LF:1
LH:1
BRF:0
BRH:0
end_of_record
TN:
SF:assets/fonts/CAIXAStd-Bold.ttf
FNF:0
FNH:0
DA:1,1
LF:1
LH:1
BRF:0
BRH:0
end_of_record
TN:
SF:assets/fonts/CAIXAStd-ExtraBold.ttf
FNF:0
FNH:0
DA:1,1
LF:1
LH:1
BRF:0
BRH:0
end_of_record
TN:
SF:assets/fonts/CAIXAStd-Light.ttf
FNF:0
FNH:0
DA:1,1
LF:1
LH:1
BRF:0
BRH:0
end_of_record
TN:
SF:assets/fonts/CAIXAStd-Regular.ttf
FNF:0
FNH:0
DA:1,1
LF:1
LH:1
BRF:0
BRH:0
end_of_record
TN:
SF:assets/fonts/CAIXAStd-SemiBold.ttf
FNF:0
FNH:0
DA:1,1
LF:1
LH:1
BRF:0
BRH:0
end_of_record
TN:
SF:components/ChartLegend.tsx
FN:10,(anonymous_0)
FN:21,(anonymous_1)
FNF:2
FNH:2
FNDA:3,(anonymous_0)
FNDA:9,(anonymous_1)
DA:10,1
DA:11,3
DA:17,3
DA:22,9
LF:4
LH:4
BRF:0
BRH:0
end_of_record
TN:
SF:components/ContractsList.tsx
FN:11,(anonymous_0)
FN:16,(anonymous_1)
FN:17,(anonymous_2)
FN:18,(anonymous_3)
FNF:4
FNH:4
FNDA:2,(anonymous_0)
FNDA:2,(anonymous_1)
FNDA:4,(anonymous_2)
FNDA:4,(anonymous_3)
DA:11,1
DA:12,2
DA:17,4
DA:18,4
DA:19,2
DA:23,2
LF:6
LH:6
BRDA:19,0,0,2
BRDA:19,0,1,0
BRDA:28,1,0,2
BRDA:28,1,1,0
BRDA:34,2,0,2
BRDA:34,2,1,0
BRDA:42,3,0,2
BRDA:42,3,1,0
BRF:8
BRH:4
end_of_record
TN:
SF:components/ErrorScreen.tsx
FN:8,(anonymous_0)
FNF:1
FNH:1
FNDA:2,(anonymous_0)
DA:8,1
DA:9,2
LF:2
LH:2
BRF:0
BRH:0
end_of_record
TN:
SF:components/FinancialSummaryCard.tsx
FN:22,(anonymous_0)
FN:51,(anonymous_1)
FN:52,(anonymous_2)
FNF:3
FNH:2
FNDA:2,(anonymous_0)
FNDA:4,(anonymous_1)
FNDA:0,(anonymous_2)
DA:22,1
DA:23,2
DA:47,2
DA:51,4
DA:52,0
DA:55,2
LF:6
LH:5
BRDA:51,0,0,0
BRDA:52,1,0,0
BRDA:67,2,0,2
BRDA:67,2,1,2
BRF:4
BRH:2
end_of_record
TN:
SF:components/Header.tsx
FN:19,Header
FN:30,(anonymous_1)
FN:36,(anonymous_2)
FN:46,(anonymous_3)
FNF:4
FNH:4
FNDA:14,Header
FNDA:2,(anonymous_1)
FNDA:2,(anonymous_2)
FNDA:2,(anonymous_3)
DA:26,14
DA:27,14
DA:28,14
DA:30,14
DA:31,2
DA:32,1
DA:36,14
DA:37,2
DA:38,2
DA:39,1
DA:42,1
DA:46,14
DA:47,2
DA:48,2
DA:49,1
DA:52,1
DA:56,14
LF:17
LH:17
BRDA:26,0,0,14
BRDA:26,0,1,1
BRDA:27,1,0,14
BRDA:27,1,1,0
BRDA:28,2,0,14
BRDA:28,2,1,1
BRDA:31,3,0,1
BRDA:31,3,1,1
BRDA:38,4,0,1
BRDA:38,4,1,1
BRDA:48,5,0,1
BRDA:48,5,1,1
BRDA:61,6,0,10
BRDA:61,6,1,4
BRDA:63,7,0,10
BRDA:63,7,1,4
BRDA:66,8,0,10
BRDA:66,8,1,4
BRDA:75,9,0,11
BRDA:75,9,1,3
BRF:20
BRH:19
end_of_record
TN:
SF:components/LoadingScreen.tsx
FN:4,(anonymous_0)
FNF:1
FNH:1
FNDA:2,(anonymous_0)
DA:4,1
DA:5,2
LF:2
LH:2
BRF:0
BRH:0
end_of_record
TN:
SF:components/MultiStepForm.tsx
FN:51,(anonymous_0)
FN:68,(anonymous_1)
FN:77,(anonymous_2)
FN:87,(anonymous_3)
FNF:4
FNH:2
FNDA:4,(anonymous_0)
FNDA:0,(anonymous_1)
FNDA:0,(anonymous_2)
FNDA:12,(anonymous_3)
DA:17,1
DA:51,1
DA:52,4
DA:53,4
DA:56,4
DA:60,4
DA:64,4
DA:68,4
DA:69,0
DA:70,0
DA:71,0
DA:73,0
DA:77,4
DA:78,0
DA:79,0
DA:83,4
DA:88,12
LF:17
LH:11
BRDA:70,0,0,0
BRDA:70,0,1,0
BRDA:78,1,0,0
BRDA:78,1,1,0
BRDA:91,2,0,4
BRDA:91,2,1,8
BRDA:100,3,0,4
BRDA:100,3,1,4
BRDA:109,4,0,4
BRDA:109,4,1,0
BRDA:120,5,0,4
BRDA:120,5,1,0
BRF:12
BRH:6
end_of_record
TN:
SF:components/ParcelasVencendoEsteMes.tsx
FN:10,(anonymous_0)
FN:11,(anonymous_1)
FN:24,(anonymous_2)
FN:60,(anonymous_3)
FNF:4
FNH:4
FNDA:3,(anonymous_0)
FNDA:4,(anonymous_1)
FNDA:2,(anonymous_2)
FNDA:2,(anonymous_3)
DA:10,1
DA:11,3
DA:12,4
DA:13,4
DA:15,4
DA:16,4
DA:17,0
DA:18,0
DA:20,0
DA:24,3
DA:25,2
DA:26,2
DA:27,2
DA:29,2
DA:30,2
DA:31,0
DA:32,0
DA:33,0
DA:34,0
DA:36,0
DA:40,3
DA:41,1
DA:53,2
DA:61,2
LF:24
LH:16
BRDA:15,0,0,4
BRDA:15,0,1,0
BRDA:17,1,0,0
BRDA:17,1,1,0
BRDA:29,2,0,2
BRDA:29,2,1,0
BRDA:31,3,0,0
BRDA:31,3,1,0
BRDA:33,4,0,0
BRDA:33,4,1,0
BRDA:40,5,0,1
BRDA:40,5,1,2
BRDA:57,6,0,0
BRDA:57,6,1,2
BRDA:57,7,0,0
BRDA:57,7,1,2
BRDA:65,8,0,2
BRDA:65,8,1,0
BRF:18
BRH:7
end_of_record
TN:
SF:components/StatsCards.tsx
FN:11,(anonymous_0)
FNF:1
FNH:1
FNDA:2,(anonymous_0)
DA:11,1
DA:12,2
LF:2
LH:2
BRF:0
BRH:0
end_of_record
TN:
SF:components/StepOne.tsx
FN:15,(anonymous_0)
FN:19,(anonymous_1)
FN:23,(anonymous_2)
FN:45,(anonymous_3)
FN:56,(anonymous_4)
FN:64,(anonymous_5)
FNF:6
FNH:2
FNDA:8,(anonymous_0)
FNDA:0,(anonymous_1)
FNDA:0,(anonymous_2)
FNDA:0,(anonymous_3)
FNDA:2,(anonymous_4)
FNDA:0,(anonymous_5)
DA:15,2
DA:16,8
DA:17,8
DA:19,8
DA:20,0
DA:23,8
DA:24,0
DA:25,0
DA:26,0
DA:30,8
DA:31,6
DA:39,2
DA:40,0
DA:45,0
DA:50,2
DA:57,2
DA:64,0
LF:17
LH:10
BRDA:24,0,0,0
BRDA:24,0,1,0
BRDA:30,1,0,6
BRDA:30,1,1,2
BRDA:39,2,0,0
BRDA:39,2,1,2
BRDA:60,3,0,0
BRDA:60,3,1,2
BRDA:88,4,0,2
BRDA:88,4,1,0
BRF:10
BRH:5
end_of_record
TN:
SF:components/StepThree.tsx
FN:16,(anonymous_0)
FN:37,(anonymous_1)
FN:58,(anonymous_2)
FNF:3
FNH:1
FNDA:4,(anonymous_0)
FNDA:0,(anonymous_1)
FNDA:0,(anonymous_2)
DA:16,2
DA:17,4
DA:38,0
DA:59,0
LF:4
LH:2
BRDA:46,0,0,4
BRDA:46,0,1,0
BRDA:68,1,0,4
BRDA:68,1,1,0
BRF:4
BRH:2
end_of_record
TN:
SF:components/StepTwo.tsx
FN:18,(anonymous_0)
FN:29,(anonymous_1)
FN:33,(anonymous_2)
FN:39,(anonymous_3)
FN:103,(anonymous_4)
FN:123,(anonymous_5)
FN:144,(anonymous_6)
FN:150,(anonymous_7)
FN:158,(anonymous_8)
FN:176,(anonymous_9)
FN:206,(anonymous_10)
FN:224,(anonymous_11)
FNF:12
FNH:9
FNDA:24,(anonymous_0)
FNDA:9,(anonymous_1)
FNDA:8,(anonymous_2)
FNDA:16,(anonymous_3)
FNDA:11,(anonymous_4)
FNDA:11,(anonymous_5)
FNDA:11,(anonymous_6)
FNDA:0,(anonymous_7)
FNDA:0,(anonymous_8)
FNDA:11,(anonymous_9)
FNDA:0,(anonymous_10)
FNDA:3,(anonymous_11)
DA:18,2
DA:19,24
DA:20,24
DA:21,24
DA:22,24
DA:23,24
DA:26,24
DA:27,24
DA:29,24
DA:30,9
DA:31,9
DA:32,9
DA:33,8
DA:34,8
DA:35,8
DA:39,24
DA:40,16
DA:42,8
DA:47,8
DA:49,8
DA:51,2
DA:56,2
DA:59,2
DA:64,2
DA:66,3
DA:67,3
DA:70,8
DA:71,8
DA:72,8
DA:76,24
DA:77,24
DA:78,9
DA:86,15
DA:104,11
DA:124,11
DA:145,11
DA:150,0
DA:158,0
DA:177,11
DA:207,0
DA:225,3
LF:41
LH:38
BRDA:32,0,0,8
BRDA:32,0,1,1
BRDA:32,1,0,9
BRDA:32,1,1,9
BRDA:35,2,0,8
BRDA:35,2,1,0
BRDA:40,3,0,8
BRDA:40,3,1,8
BRDA:40,4,0,16
BRDA:40,4,1,8
BRDA:40,4,2,8
BRDA:49,5,0,2
BRDA:49,5,1,3
BRDA:77,6,0,9
BRDA:77,6,1,15
BRDA:113,7,0,15
BRDA:113,7,1,0
BRDA:133,8,0,15
BRDA:133,8,1,0
BRDA:148,9,0,0
BRDA:148,9,1,11
BRDA:156,10,0,0
BRDA:156,10,1,11
BRDA:165,11,0,15
BRDA:165,11,1,0
BRDA:185,12,0,15
BRDA:185,12,1,0
BRDA:191,13,0,15
BRDA:191,13,1,4
BRDA:203,14,0,15
BRDA:203,14,1,0
BRDA:212,15,0,0
BRDA:212,15,1,0
BRDA:221,16,0,11
BRDA:221,16,1,3
BRDA:236,17,0,11
BRDA:236,17,1,8
BRDA:236,17,2,8
BRF:38
BRH:28
end_of_record
TN:
SF:hooks/useFonts.ts
FN:4,(anonymous_0)
FN:13,(anonymous_1)
FNF:2
FNH:2
FNDA:4,(anonymous_0)
FNDA:4,(anonymous_1)
DA:4,1
DA:5,4
DA:13,4
DA:14,4
DA:15,1
DA:19,4
LF:6
LH:6
BRDA:14,0,0,1
BRDA:14,0,1,3
BRF:2
BRH:2
end_of_record
TN:
SF:hooks/useHomeData.ts
FN:17,(anonymous_0)
FN:26,(anonymous_1)
FN:27,(anonymous_2)
FN:28,(anonymous_3)
FN:30,(anonymous_4)
FN:31,(anonymous_5)
FN:33,(anonymous_6)
FN:34,(anonymous_7)
FN:36,(anonymous_8)
FN:53,(anonymous_9)
FN:58,(anonymous_10)
FN:78,(anonymous_11)
FN:79,(anonymous_12)
FN:94,(anonymous_13)
FNF:14
FNH:11
FNDA:4,(anonymous_0)
FNDA:1,(anonymous_1)
FNDA:1,(anonymous_2)
FNDA:1,(anonymous_3)
FNDA:0,(anonymous_4)
FNDA:1,(anonymous_5)
FNDA:1,(anonymous_6)
FNDA:1,(anonymous_7)
FNDA:0,(anonymous_8)
FNDA:1,(anonymous_9)
FNDA:0,(anonymous_10)
FNDA:2,(anonymous_11)
FNDA:2,(anonymous_12)
FNDA:1,(anonymous_13)
DA:17,1
DA:18,4
DA:19,4
DA:20,4
DA:21,4
DA:22,4
DA:23,4
DA:24,4
DA:26,4
DA:27,1
DA:28,1
DA:30,1
DA:31,1
DA:33,1
DA:34,1
DA:35,1
DA:36,0
DA:37,1
DA:40,1
DA:44,1
DA:53,4
DA:54,1
DA:55,1
DA:57,1
DA:59,0
DA:60,0
DA:61,0
DA:67,0
DA:72,0
DA:74,1
DA:78,4
DA:79,2
DA:80,2
DA:81,2
DA:82,2
DA:84,2
DA:89,1
DA:90,1
DA:93,1
DA:95,1
DA:99,1
DA:100,1
DA:103,1
DA:105,1
DA:106,1
DA:109,1
DA:110,1
DA:112,2
DA:116,2
DA:119,4
LF:50
LH:44
BRDA:17,0,0,0
BRDA:30,1,0,0
BRDA:30,1,1,0
BRDA:37,2,0,1
BRDA:37,2,1,0
BRDA:40,3,0,1
BRDA:40,3,1,0
BRDA:63,4,0,0
BRDA:63,4,1,0
BRF:9
BRH:2
end_of_record
TN:
SF:hooks/useProdutos.ts
FN:14,(anonymous_0)
FN:20,(anonymous_1)
FN:29,(anonymous_2)
FN:45,(anonymous_3)
FN:46,(anonymous_4)
FN:49,(anonymous_5)
FN:50,(anonymous_6)
FN:53,(anonymous_7)
FN:69,(anonymous_8)
FN:72,(anonymous_9)
FN:80,(anonymous_10)
FN:86,(anonymous_11)
FN:89,(anonymous_12)
FNF:13
FNH:8
FNDA:22,(anonymous_0)
FNDA:16,(anonymous_1)
FNDA:10,(anonymous_2)
FNDA:0,(anonymous_3)
FNDA:0,(anonymous_4)
FNDA:0,(anonymous_5)
FNDA:0,(anonymous_6)
FNDA:10,(anonymous_7)
FNDA:2,(anonymous_8)
FNDA:2,(anonymous_9)
FNDA:0,(anonymous_10)
FNDA:4,(anonymous_11)
FNDA:2,(anonymous_12)
DA:14,2
DA:15,22
DA:16,22
DA:17,22
DA:20,22
DA:21,16
DA:22,16
DA:23,12
DA:25,16
DA:26,16
DA:29,22
DA:30,10
DA:31,10
DA:32,10
DA:34,10
DA:35,8
DA:38,1
DA:39,1
DA:41,9
DA:45,22
DA:46,0
DA:49,22
DA:50,0
DA:53,22
DA:54,10
DA:57,22
DA:69,2
DA:70,2
DA:72,2
DA:74,2
DA:80,0
DA:86,2
DA:87,4
DA:89,4
DA:91,4
LF:35
LH:32
BRDA:21,0,0,16
BRDA:21,0,1,0
BRDA:22,1,0,12
BRDA:22,1,1,4
BRF:4
BRH:3
end_of_record
TN:
SF:services/contratosService.ts
FN:8,(anonymous_0)
FN:15,(anonymous_1)
FN:22,(anonymous_2)
FN:29,(anonymous_3)
FN:36,(anonymous_4)
FN:43,(anonymous_5)
FN:50,(anonymous_6)
FN:57,(anonymous_7)
FNF:8
FNH:8
FNDA:1,(anonymous_0)
FNDA:1,(anonymous_1)
FNDA:1,(anonymous_2)
FNDA:1,(anonymous_3)
FNDA:1,(anonymous_4)
FNDA:1,(anonymous_5)
FNDA:1,(anonymous_6)
FNDA:1,(anonymous_7)
DA:6,2
DA:9,1
DA:10,1
DA:11,1
DA:16,1
DA:17,1
DA:18,1
DA:23,1
DA:24,1
DA:25,1
DA:30,1
DA:31,1
DA:32,1
DA:37,1
DA:38,1
DA:39,1
DA:44,1
DA:45,1
DA:46,1
DA:51,1
DA:52,1
DA:53,1
DA:58,1
DA:59,1
LF:24
LH:24
BRF:0
BRH:0
end_of_record
TN:
SF:services/index.ts
FNF:0
FNH:0
LF:0
LH:0
BRF:0
BRH:0
end_of_record
TN:
SF:services/parcelasService.ts
FN:6,(anonymous_0)
FN:13,(anonymous_1)
FN:20,(anonymous_2)
FN:27,(anonymous_3)
FN:34,(anonymous_4)
FN:41,(anonymous_5)
FN:48,(anonymous_6)
FN:56,(anonymous_7)
FN:63,(anonymous_8)
FN:69,(anonymous_9)
FN:75,(anonymous_10)
FN:82,(anonymous_11)
FN:91,(anonymous_12)
FN:98,(anonymous_13)
FN:105,(anonymous_14)
FN:112,(anonymous_15)
FN:119,(anonymous_16)
FN:128,(anonymous_17)
FN:134,(anonymous_18)
FN:138,(anonymous_19)
FN:149,(anonymous_20)
FN:152,(anonymous_21)
FN:153,(anonymous_22)
FN:154,(anonymous_23)
FN:161,(anonymous_24)
FN:162,(anonymous_25)
FN:165,(anonymous_26)
FN:166,(anonymous_27)
FN:173,(anonymous_28)
FN:182,(anonymous_29)
FNF:30
FNH:30
FNDA:1,(anonymous_0)
FNDA:1,(anonymous_1)
FNDA:1,(anonymous_2)
FNDA:1,(anonymous_3)
FNDA:1,(anonymous_4)
FNDA:1,(anonymous_5)
FNDA:1,(anonymous_6)
FNDA:4,(anonymous_7)
FNDA:1,(anonymous_8)
FNDA:3,(anonymous_9)
FNDA:1,(anonymous_10)
FNDA:1,(anonymous_11)
FNDA:4,(anonymous_12)
FNDA:1,(anonymous_13)
FNDA:1,(anonymous_14)
FNDA:1,(anonymous_15)
FNDA:1,(anonymous_16)
FNDA:1,(anonymous_17)
FNDA:1,(anonymous_18)
FNDA:2,(anonymous_19)
FNDA:1,(anonymous_20)
FNDA:3,(anonymous_21)
FNDA:3,(anonymous_22)
FNDA:3,(anonymous_23)
FNDA:3,(anonymous_24)
FNDA:1,(anonymous_25)
FNDA:3,(anonymous_26)
FNDA:2,(anonymous_27)
FNDA:3,(anonymous_28)
FNDA:3,(anonymous_29)
DA:4,2
DA:7,1
DA:8,1
DA:9,1
DA:14,1
DA:15,1
DA:16,1
DA:21,1
DA:22,1
DA:23,1
DA:28,1
DA:29,1
DA:30,1
DA:35,1
DA:36,1
DA:37,1
DA:42,1
DA:43,1
DA:44,1
DA:49,1
DA:50,1
DA:51,1
DA:53,1
DA:56,1
DA:57,4
DA:58,4
DA:64,1
DA:65,1
DA:66,1
DA:69,1
DA:70,3
DA:71,3
DA:75,1
DA:83,1
DA:84,1
DA:85,1
DA:86,1
DA:88,1
DA:91,1
DA:92,4
DA:93,4
DA:99,1
DA:100,1
DA:101,1
DA:106,1
DA:107,1
DA:108,1
DA:113,1
DA:114,1
DA:115,1
DA:120,1
DA:121,1
DA:124,1
DA:129,1
DA:130,1
DA:135,1
DA:136,1
DA:138,1
DA:139,2
DA:140,2
DA:144,1
DA:145,1
DA:150,1
DA:152,3
DA:153,3
DA:154,1
DA:155,3
DA:156,3
DA:157,3
DA:160,1
DA:161,3
DA:162,1
DA:164,1
DA:165,3
DA:166,2
DA:168,1
DA:173,3
DA:183,3
DA:184,3
DA:185,3
DA:187,3
DA:192,36
DA:194,12
DA:195,12
DA:196,12
DA:199,24
DA:201,24
DA:202,24
DA:205,36
DA:208,36
DA:209,36
DA:211,36
DA:225,3
DA:226,3
DA:227,25
DA:228,24
DA:231,2
LF:97
LH:97
BRDA:58,0,0,4
BRDA:58,0,1,3
BRDA:93,1,0,4
BRDA:93,1,1,3
BRDA:139,2,0,2
BRDA:139,2,1,0
BRDA:139,3,0,2
BRDA:139,3,1,2
BRDA:157,4,0,3
BRDA:157,4,1,2
BRDA:162,5,0,1
BRDA:162,5,1,0
BRDA:174,6,0,1
BRDA:174,6,1,0
BRDA:177,7,0,1
BRDA:177,7,1,0
BRDA:192,8,0,12
BRDA:192,8,1,24
BRF:18
BRH:14
end_of_record
TN:
SF:services/produtosService.ts
FN:7,(anonymous_0)
FN:14,(anonymous_1)
FN:21,(anonymous_2)
FN:28,(anonymous_3)
FN:35,(anonymous_4)
FN:42,(anonymous_5)
FNF:6
FNH:6
FNDA:3,(anonymous_0)
FNDA:1,(anonymous_1)
FNDA:1,(anonymous_2)
FNDA:1,(anonymous_3)
FNDA:1,(anonymous_4)
FNDA:1,(anonymous_5)
DA:5,2
DA:8,3
DA:9,3
DA:10,2
DA:15,1
DA:16,1
DA:17,1
DA:22,1
DA:23,1
DA:24,1
DA:29,1
DA:30,1
DA:31,1
DA:36,1
DA:37,1
DA:38,1
DA:43,1
DA:44,1
LF:18
LH:18
BRF:0
BRH:0
end_of_record
TN:
SF:services/simulacoesService.ts
FN:8,(anonymous_0)
FN:15,(anonymous_1)
FN:22,(anonymous_2)
FN:29,(anonymous_3)
FN:36,(anonymous_4)
FN:43,(anonymous_5)
FN:50,(anonymous_6)
FNF:7
FNH:7
FNDA:1,(anonymous_0)
FNDA:1,(anonymous_1)
FNDA:1,(anonymous_2)
FNDA:1,(anonymous_3)
FNDA:1,(anonymous_4)
FNDA:1,(anonymous_5)
FNDA:1,(anonymous_6)
DA:6,2
DA:9,1
DA:10,1
DA:11,1
DA:16,1
DA:17,1
DA:18,1
DA:23,1
DA:24,1
DA:25,1
DA:30,1
DA:31,1
DA:32,1
DA:37,1
DA:38,1
DA:39,1
DA:44,1
DA:45,1
DA:46,1
DA:51,1
DA:52,1
LF:21
LH:21
BRF:0
BRH:0
end_of_record
TN:
SF:services/usuariosService.ts
FN:8,(anonymous_0)
FN:15,(anonymous_1)
FN:22,(anonymous_2)
FN:29,(anonymous_3)
FN:36,(anonymous_4)
FN:43,(anonymous_5)
FNF:6
FNH:6
FNDA:1,(anonymous_0)
FNDA:1,(anonymous_1)
FNDA:1,(anonymous_2)
FNDA:1,(anonymous_3)
FNDA:1,(anonymous_4)
FNDA:1,(anonymous_5)
DA:6,2
DA:9,1
DA:10,1
DA:11,1
DA:16,1
DA:17,1
DA:18,1
DA:23,1
DA:24,1
DA:25,1
DA:30,1
DA:31,1
DA:32,1
DA:37,1
DA:38,1
DA:39,1
DA:44,1
DA:45,1
LF:18
LH:18
BRF:0
BRH:0
end_of_record
TN:
SF:services/api/config.ts
FN:6,(anonymous_0)
FN:17,(anonymous_1)
FN:21,(anonymous_2)
FN:25,(anonymous_3)
FN:29,(anonymous_4)
FNF:5
FNH:3
FNDA:5,(anonymous_0)
FNDA:2,(anonymous_1)
FNDA:0,(anonymous_2)
FNDA:1,(anonymous_3)
FNDA:0,(anonymous_4)
DA:4,7
DA:6,7
DA:7,5
DA:8,2
DA:10,2
DA:16,2
DA:18,2
DA:19,2
DA:21,0
DA:24,2
DA:26,1
DA:27,1
DA:30,0
DA:31,0
DA:36,5
LF:15
LH:12
BRDA:7,0,0,2
BRDA:7,0,1,3
BRF:2
BRH:2
end_of_record
TN:
SF:services/api/errorHandler.ts
FN:3,(anonymous_0)
FNF:1
FNH:1
FNDA:6,(anonymous_0)
DA:3,1
DA:4,6
DA:6,3
DA:12,3
DA:14,1
DA:20,2
LF:6
LH:6
BRDA:4,0,0,3
BRDA:4,0,1,3
BRDA:9,1,0,3
BRDA:9,1,1,2
BRDA:12,2,0,1
BRDA:12,2,1,2
BRF:6
BRH:6
end_of_record
TN:
SF:utils/contratoUtils.ts
FN:4,(anonymous_0)
FN:8,(anonymous_1)
FN:12,(anonymous_2)
FN:17,(anonymous_3)
FN:23,(anonymous_4)
FN:25,(anonymous_5)
FN:33,(anonymous_6)
FN:49,(anonymous_7)
FN:60,(anonymous_8)
FN:65,(anonymous_9)
FN:77,(anonymous_10)
FN:92,(anonymous_11)
FN:115,(anonymous_12)
FNF:13
FNH:7
FNDA:2,(anonymous_0)
FNDA:2,(anonymous_1)
FNDA:2,(anonymous_2)
FNDA:6,(anonymous_3)
FNDA:0,(anonymous_4)
FNDA:0,(anonymous_5)
FNDA:2,(anonymous_6)
FNDA:0,(anonymous_7)
FNDA:3,(anonymous_8)
FNDA:0,(anonymous_9)
FNDA:0,(anonymous_10)
FNDA:6,(anonymous_11)
FNDA:0,(anonymous_12)
DA:4,1
DA:5,2
DA:8,1
DA:9,2
DA:12,1
DA:13,2
DA:17,1
DA:18,6
DA:19,5
DA:23,1
DA:24,0
DA:25,0
DA:26,0
DA:33,2
DA:49,1
DA:50,0
DA:51,0
DA:55,0
DA:56,0
DA:60,1
DA:61,3
DA:65,1
DA:66,0
DA:67,0
DA:70,0
DA:71,0
DA:73,0
DA:77,1
DA:81,0
DA:82,0
DA:83,0
DA:85,0
DA:92,1
DA:93,6
DA:95,6
DA:96,2
DA:99,6
DA:100,2
DA:103,6
DA:104,2
DA:107,6
DA:108,1
DA:111,6
DA:115,1
LF:44
LH:28
BRDA:18,0,0,1
BRDA:18,0,1,5
BRDA:26,1,0,0
BRDA:26,1,1,0
BRDA:26,1,2,0
BRDA:34,2,0,2
BRDA:34,2,1,1
BRDA:50,3,0,0
BRDA:50,3,1,0
BRDA:50,4,0,0
BRDA:50,4,1,0
BRDA:61,5,0,3
BRDA:61,5,1,2
BRDA:66,6,0,0
BRDA:66,6,1,0
BRDA:95,7,0,2
BRDA:95,7,1,4
BRDA:95,8,0,6
BRDA:95,8,1,3
BRDA:99,9,0,2
BRDA:99,9,1,4
BRDA:99,10,0,6
BRDA:99,10,1,3
BRDA:103,11,0,2
BRDA:103,11,1,4
BRDA:103,12,0,6
BRDA:103,12,1,3
BRDA:107,13,0,1
BRDA:107,13,1,5
BRDA:107,14,0,6
BRDA:107,14,1,1
BRDA:107,14,2,1
BRF:32
BRH:23
end_of_record
TN:
SF:utils/financeUtils.ts
FN:6,(anonymous_0)
FN:30,(anonymous_1)
FN:56,(anonymous_2)
FNF:3
FNH:3
FNDA:3,(anonymous_0)
FNDA:2,(anonymous_1)
FNDA:6,(anonymous_2)
DA:6,2
DA:8,3
DA:9,1
DA:10,1
DA:17,2
DA:18,2
DA:20,2
DA:22,2
DA:30,2
DA:31,2
DA:32,2
DA:35,2
DA:36,2
DA:38,2
DA:39,13
DA:40,13
DA:41,13
DA:43,13
DA:52,2
DA:56,2
DA:57,6
DA:59,6
DA:60,2
DA:63,6
DA:64,1
DA:67,6
DA:68,2
DA:71,6
DA:72,1
DA:75,6
LF:30
LH:30
BRDA:8,0,0,1
BRDA:8,0,1,2
BRDA:59,1,0,2
BRDA:59,1,1,4
BRDA:63,2,0,1
BRDA:63,2,1,5
BRDA:67,3,0,2
BRDA:67,3,1,4
BRDA:71,4,0,1
BRDA:71,4,1,5
BRF:10
BRH:10
end_of_record
TN:
SF:utils/formatters.ts
FN:2,(anonymous_0)
FN:10,(anonymous_1)
FN:15,(anonymous_2)
FNF:3
FNH:3
FNDA:27,(anonymous_0)
FNDA:8,(anonymous_1)
FNDA:5,(anonymous_2)
DA:2,6
DA:3,27
DA:10,6
DA:11,8
DA:15,6
DA:16,5
DA:17,5
DA:18,5
DA:21,5
DA:22,2
DA:25,3
DA:26,3
DA:27,3
DA:29,0
LF:14
LH:13
BRDA:10,0,0,5
BRDA:21,1,0,2
BRDA:21,1,1,3
BRDA:21,2,0,5
BRDA:21,2,1,4
BRF:5
BRH:5
end_of_record
TN:
SF:utils/validators.ts
FN:4,(anonymous_0)
FN:9,(anonymous_1)
FN:19,(anonymous_2)
FNF:3
FNH:3
FNDA:13,(anonymous_0)
FNDA:14,(anonymous_1)
FNDA:15,(anonymous_2)
DA:4,1
DA:5,13
DA:6,13
DA:9,1
DA:11,14
DA:14,14
DA:16,14
DA:19,1
DA:21,15
DA:22,15
DA:25,11
DA:28,8
DA:31,8
DA:32,72
DA:35,8
DA:36,8
DA:37,8
DA:39,8
DA:40,8
DA:41,80
DA:44,8
DA:45,8
DA:46,8
DA:48,7
LF:24
LH:24
BRDA:16,0,0,14
BRDA:16,0,1,10
BRDA:22,1,0,4
BRDA:22,1,1,11
BRDA:25,2,0,3
BRDA:25,2,1,8
BRDA:36,3,0,4
BRDA:36,3,1,4
BRDA:36,4,0,8
BRDA:36,4,1,4
BRDA:37,5,0,0
BRDA:37,5,1,8
BRDA:45,6,0,0
BRDA:45,6,1,8
BRDA:45,7,0,8
BRDA:45,7,1,8
BRDA:46,8,0,1
BRDA:46,8,1,7
BRF:18
BRH:16
end_of_record
